[0;34m[INFO][0m Python ë²„ì „ í™•ì¸ ì¤‘...
[0;32m[SUCCESS][0m Python ë²„ì „ í™•ì¸: Python 3.14.0
[0;34m[INFO][0m Python ë²„ì „ í™•ì¸ ì¤‘...
[0;32m[SUCCESS][0m Python ë²„ì „ í™•ì¸: Python 3.14.0
[0;34m[INFO][0m Python ë²„ì „ í™•ì¸ ì¤‘...
[0;32m[SUCCESS][0m Python ë²„ì „ í™•ì¸: Python 3.14.0
[0;34m[INFO][0m Python ë²„ì „ í™•ì¸ ì¤‘...
[0;32m[SUCCESS][0m Python ë²„ì „ í™•ì¸: Python 3.14.0
[0;34m[INFO][0m Python ë²„ì „ í™•ì¸ ì¤‘...
[0;32m[SUCCESS][0m Python ë²„ì „ í™•ì¸: Python 3.14.0
[0;34m[INFO][0m ê°€ìƒí™˜ê²½ ì„¤ì • ì¤‘...
[0;34m[INFO][0m PICU ë£¨íŠ¸: /Users/juns/code/personal/notion/pknu_workspace/bigdata/PICU
[0;34m[INFO][0m PROJECT_ROOT: /Users/juns/code/personal/notion/pknu_workspace/bigdata/PICU/cointicker
[0;34m[INFO][0m í˜„ì¬ VIRTUAL_ENV: ì—†ìŒ
[0;34m[INFO][0m PICU ë£¨íŠ¸ ê°€ìƒí™˜ê²½ ë°œê²¬: /Users/juns/code/personal/notion/pknu_workspace/bigdata/PICU/venv
[0;34m[INFO][0m PICU ë£¨íŠ¸ ê°€ìƒí™˜ê²½ í™œì„±í™” ì„±ê³µ
[0;32m[SUCCESS][0m ê°€ìƒí™˜ê²½ í™œì„±í™” ì™„ë£Œ: /Users/juns/code/personal/notion/pknu_workspace/bigdata/PICU/venv
[0;34m[INFO][0m pip ì—…ê·¸ë ˆì´ë“œ ì¤‘...
[0;32m[SUCCESS][0m pip ì—…ê·¸ë ˆì´ë“œ ì™„ë£Œ
[0;34m[INFO][0m ì˜ì¡´ì„± ì„¤ì¹˜ ì¤‘...
[0;34m[INFO][0m requirements.txt ì‚¬ìš©: /Users/juns/code/personal/notion/pknu_workspace/bigdata/PICU/requirements.txt
[0;32m[SUCCESS][0m ì˜ì¡´ì„± ì„¤ì¹˜ ì™„ë£Œ
[0;34m[INFO][0m Python ë¬¸ë²• ê²€ì‚¬ ì¤‘...
[0;34m[INFO][0m Python ë²„ì „ í™•ì¸ ì¤‘...
[0;32m[SUCCESS][0m Python ë²„ì „ í™•ì¸: Python 3.14.0
[0;34m[INFO][0m ê°€ìƒí™˜ê²½ ì„¤ì • ì¤‘...
[0;34m[INFO][0m PICU ë£¨íŠ¸: /Users/juns/code/personal/notion/pknu_workspace/bigdata/PICU
[0;34m[INFO][0m PROJECT_ROOT: /Users/juns/code/personal/notion/pknu_workspace/bigdata/PICU/cointicker
[0;34m[INFO][0m í˜„ì¬ VIRTUAL_ENV: /Users/juns/code/personal/notion/pknu_workspace/bigdata/scrapy_env
[0;34m[INFO][0m ì´ë¯¸ ê°€ìƒí™˜ê²½ì´ í™œì„±í™”ë˜ì–´ ìˆìŠµë‹ˆë‹¤: /Users/juns/code/personal/notion/pknu_workspace/bigdata/scrapy_env
[0;32m[SUCCESS][0m ê°€ìƒí™˜ê²½ í™œì„±í™” ì™„ë£Œ: /Users/juns/code/personal/notion/pknu_workspace/bigdata/scrapy_env
[0;34m[INFO][0m pip ì—…ê·¸ë ˆì´ë“œ ì¤‘...
[0;32m[SUCCESS][0m pip ì—…ê·¸ë ˆì´ë“œ ì™„ë£Œ
[0;34m[INFO][0m ì˜ì¡´ì„± ì„¤ì¹˜ ì¤‘...
[0;34m[INFO][0m requirements.txt ì‚¬ìš©: /Users/juns/code/personal/notion/pknu_workspace/bigdata/PICU/requirements.txt
[0;32m[SUCCESS][0m ì˜ì¡´ì„± ì„¤ì¹˜ ì™„ë£Œ
[0;34m[INFO][0m Python ë¬¸ë²• ê²€ì‚¬ ì¤‘...
[0;32m[SUCCESS][0m ëª¨ë“  Python íŒŒì¼ ë¬¸ë²• ì •ìƒ (°œ)
[0;34m[INFO][0m ëª¨ë“ˆ Import í…ŒìŠ¤íŠ¸ ì¤‘...
[0;32m[SUCCESS][0m shared.utils
[0;32m[SUCCESS][0m backend.models
[0;32m[SUCCESS][0m cointicker.spiders
[0;32m[SUCCESS][0m cointicker.items
[0;32m[SUCCESS][0m backend.api
[0;32m[SUCCESS][0m backend.services
[0;32m[SUCCESS][0m mapreduce
[0;34m[INFO][0m Spider êµ¬ì¡° í…ŒìŠ¤íŠ¸ ì¤‘...
[0;32m[SUCCESS][0m Spider: upbit_trends
[0;32m[SUCCESS][0m Spider: coinness
[0;32m[SUCCESS][0m Spider: saveticker
[0;32m[SUCCESS][0m Spider: perplexity
[0;32m[SUCCESS][0m Spider: cnn_fear_greed
[0;34m[INFO][0m Unit í…ŒìŠ¤íŠ¸ ì‹¤í–‰ ì¤‘...
test_market_trends_model (test_backend.TestModels.test_market_trends_model)
MarketTrends ëª¨ë¸ í…ŒìŠ¤íŠ¸ ... /Users/juns/code/personal/notion/pknu_workspace/bigdata/PICU/cointicker/backend/models/__init__.py:20: MovedIn20Warning: The ``declarative_base()`` function is now available as sqlalchemy.orm.declarative_base(). (deprecated since: 2.0) (Background on SQLAlchemy 2.0 at: https://sqlalche.me/e/b8d9)
  Base = declarative_base()
ok
test_raw_news_model (test_backend.TestModels.test_raw_news_model)
RawNews ëª¨ë¸ í…ŒìŠ¤íŠ¸ ... ok
test_sentiment_analyzer_mock (test_backend.TestServices.test_sentiment_analyzer_mock)
ê°ì„± ë¶„ì„ê¸° Mock í…ŒìŠ¤íŠ¸ ... ok
test_technical_indicators (test_backend.TestServices.test_technical_indicators)
ê¸°ìˆ ì  ì§€í‘œ ê³„ì‚° í…ŒìŠ¤íŠ¸ ... ok
test_database_models (test_integration.TestBackendIntegration.test_database_models)
ë°ì´í„°ë² ì´ìŠ¤ ëª¨ë¸ í†µí•© í…ŒìŠ¤íŠ¸ ... ok
test_item_to_json (test_integration.TestDataPipeline.test_item_to_json)
Item â†’ JSON ë³€í™˜ í…ŒìŠ¤íŠ¸ ... /Users/juns/code/personal/notion/pknu_workspace/bigdata/scrapy_env/lib/python3.14/site-packages/itemadapter/_imports.py:45: UserWarning: Core Pydantic V1 functionality isn't compatible with Python 3.14 or greater.
  import pydantic.v1 as pydantic_v1
ok
test_spider_to_item (test_integration.TestDataPipeline.test_spider_to_item)
Spider â†’ Item íŒŒì´í”„ë¼ì¸ í…ŒìŠ¤íŠ¸ ... ok
test_mapper_invalid_data (test_mapreduce.TestMapper.test_mapper_invalid_data)
ë¬´íš¨í•œ ë°ì´í„° í•„í„°ë§ í…ŒìŠ¤íŠ¸ ... ok
test_mapper_processing (test_mapreduce.TestMapper.test_mapper_processing)
Mapper ë°ì´í„° ì²˜ë¦¬ í…ŒìŠ¤íŠ¸ ... ok
test_remove_duplicates (test_mapreduce.TestReducer.test_remove_duplicates)
ì¤‘ë³µ ì œê±° í…ŒìŠ¤íŠ¸ ... ok
test_spider_name (test_spiders.TestCoinnessSpider.test_spider_name)
Spider ì´ë¦„ í™•ì¸ ... ok
test_allowed_domains (test_spiders.TestUpbitTrendsSpider.test_allowed_domains)
í—ˆìš©ëœ ë„ë©”ì¸ í™•ì¸ ... ok
test_create_trend_item (test_spiders.TestUpbitTrendsSpider.test_create_trend_item)
íŠ¸ë Œë“œ ì•„ì´í…œ ìƒì„± í…ŒìŠ¤íŠ¸ ... Error creating trend item: Error with input processor MapCompose: field='price' value=[50000] error='ValueError: Error in MapCompose with <method 'strip' of 'str' objects> value=[50000] error='TypeError: descriptor 'strip' for 'str' objects doesn't apply to a 'int' object''
FAIL
test_spider_name (test_spiders.TestUpbitTrendsSpider.test_spider_name)
Spider ì´ë¦„ í™•ì¸ ... ok
test_clean_text (test_utils.TestUtils.test_clean_text)
í…ìŠ¤íŠ¸ ì •ì œ í…ŒìŠ¤íŠ¸ ... ok
test_generate_hash (test_utils.TestUtils.test_generate_hash)
í•´ì‹œ ìƒì„± í…ŒìŠ¤íŠ¸ ... ok
test_get_timestamp (test_utils.TestUtils.test_get_timestamp)
íƒ€ì„ìŠ¤íƒ¬í”„ ìƒì„± í…ŒìŠ¤íŠ¸ ... ok
test_validate_json (test_utils.TestUtils.test_validate_json)
JSON ìœ íš¨ì„± ê²€ì‚¬ í…ŒìŠ¤íŠ¸ ... ok

======================================================================
FAIL: test_create_trend_item (test_spiders.TestUpbitTrendsSpider.test_create_trend_item)
íŠ¸ë Œë“œ ì•„ì´í…œ ìƒì„± í…ŒìŠ¤íŠ¸
----------------------------------------------------------------------
Traceback (most recent call last):
  File "/Users/juns/code/personal/notion/pknu_workspace/bigdata/PICU/cointicker/tests/test_spiders.py", line 48, in test_create_trend_item
    self.assertEqual(len(items), 1)
    ~~~~~~~~~~~~~~~~^^^^^^^^^^^^^^^
AssertionError: 0 != 1

----------------------------------------------------------------------
Ran 18 tests in 6.335s

FAILED (failures=1)
[0;32m[SUCCESS][0m Unit í…ŒìŠ¤íŠ¸ í†µê³¼
[0;34m[INFO][0m Backend API ìƒíƒœ í™•ì¸ ì¤‘...
[0;32m[SUCCESS][0m Backend ì„œë²„ ì‹¤í–‰ ì¤‘ (í¬íŠ¸: 5001)
[0;34m[INFO][0m Frontend ì„œë²„ ìƒíƒœ í™•ì¸ ì¤‘...
[1;33m[WARNING][0m Frontend ì„œë²„ê°€ ì‹¤í–‰ ì¤‘ì´ ì•„ë‹™ë‹ˆë‹¤ (í¬íŠ¸: 3000)
[0;34m[INFO][0m Kafka ë¸Œë¡œì»¤ ìƒíƒœ í™•ì¸ ì¤‘...
[1;33m[WARNING][0m Kafka ëª…ë ¹ì–´ë¥¼ ì°¾ì„ ìˆ˜ ì—†ìŠµë‹ˆë‹¤
[0;34m[INFO][0m HDFS ìƒíƒœ í™•ì¸ ì¤‘...
[1;33m[WARNING][0m HDFS ëª…ë ¹ì–´ë¥¼ ì°¾ì„ ìˆ˜ ì—†ìŠµë‹ˆë‹¤
[0;34m[INFO][0m Spider ì‹¤í–‰ í…ŒìŠ¤íŠ¸ ì¤‘...
[1;33m[WARNING][0m Spider ì‹¤í–‰ ì™„ë£Œ (ì•„ì´í…œ: 0
0, ì—ëŸ¬: 0
0)
[0;34m[INFO][0m Python ë²„ì „ í™•ì¸ ì¤‘...
[0;32m[SUCCESS][0m Python ë²„ì „ í™•ì¸: Python 3.14.0
[0;34m[INFO][0m ê°€ìƒí™˜ê²½ ì„¤ì • ì¤‘...
[0;34m[INFO][0m PICU ë£¨íŠ¸: /Users/juns/code/personal/notion/pknu_workspace/bigdata/PICU
[0;34m[INFO][0m PROJECT_ROOT: /Users/juns/code/personal/notion/pknu_workspace/bigdata/PICU/cointicker
[0;34m[INFO][0m í˜„ì¬ VIRTUAL_ENV: /Users/juns/code/personal/notion/pknu_workspace/bigdata/scrapy_env
[0;34m[INFO][0m ì´ë¯¸ ê°€ìƒí™˜ê²½ì´ í™œì„±í™”ë˜ì–´ ìˆìŠµë‹ˆë‹¤: /Users/juns/code/personal/notion/pknu_workspace/bigdata/scrapy_env
[0;32m[SUCCESS][0m ê°€ìƒí™˜ê²½ í™œì„±í™” ì™„ë£Œ: /Users/juns/code/personal/notion/pknu_workspace/bigdata/scrapy_env
[0;34m[INFO][0m pip ì—…ê·¸ë ˆì´ë“œ ì¤‘...
[0;32m[SUCCESS][0m pip ì—…ê·¸ë ˆì´ë“œ ì™„ë£Œ
[0;34m[INFO][0m ì˜ì¡´ì„± ì„¤ì¹˜ ì¤‘...
[0;34m[INFO][0m requirements.txt ì‚¬ìš©: /Users/juns/code/personal/notion/pknu_workspace/bigdata/PICU/requirements.txt
[0;32m[SUCCESS][0m ì˜ì¡´ì„± ì„¤ì¹˜ ì™„ë£Œ
[0;34m[INFO][0m Python ë¬¸ë²• ê²€ì‚¬ ì¤‘...
[0;32m[SUCCESS][0m ëª¨ë“  Python íŒŒì¼ ë¬¸ë²• ì •ìƒ (°œ)
[0;34m[INFO][0m ëª¨ë“ˆ Import í…ŒìŠ¤íŠ¸ ì¤‘...
[0;32m[SUCCESS][0m shared.utils
[0;32m[SUCCESS][0m backend.models
[0;32m[SUCCESS][0m cointicker.spiders
[0;32m[SUCCESS][0m cointicker.items
[0;32m[SUCCESS][0m backend.api
[0;32m[SUCCESS][0m backend.services
[0;32m[SUCCESS][0m mapreduce
[0;34m[INFO][0m Spider êµ¬ì¡° í…ŒìŠ¤íŠ¸ ì¤‘...
[0;32m[SUCCESS][0m Spider: upbit_trends
[0;32m[SUCCESS][0m Spider: coinness
[0;32m[SUCCESS][0m Spider: saveticker
[0;32m[SUCCESS][0m Spider: perplexity
[0;32m[SUCCESS][0m Spider: cnn_fear_greed
[0;34m[INFO][0m Unit í…ŒìŠ¤íŠ¸ ì‹¤í–‰ ì¤‘...
test_market_trends_model (test_backend.TestModels.test_market_trends_model)
MarketTrends ëª¨ë¸ í…ŒìŠ¤íŠ¸ ... /Users/juns/code/personal/notion/pknu_workspace/bigdata/PICU/cointicker/backend/models/__init__.py:20: MovedIn20Warning: The ``declarative_base()`` function is now available as sqlalchemy.orm.declarative_base(). (deprecated since: 2.0) (Background on SQLAlchemy 2.0 at: https://sqlalche.me/e/b8d9)
  Base = declarative_base()
ok
test_raw_news_model (test_backend.TestModels.test_raw_news_model)
RawNews ëª¨ë¸ í…ŒìŠ¤íŠ¸ ... ok
test_sentiment_analyzer_mock (test_backend.TestServices.test_sentiment_analyzer_mock)
ê°ì„± ë¶„ì„ê¸° Mock í…ŒìŠ¤íŠ¸ ... ok
test_technical_indicators (test_backend.TestServices.test_technical_indicators)
ê¸°ìˆ ì  ì§€í‘œ ê³„ì‚° í…ŒìŠ¤íŠ¸ ... ok
test_database_models (test_integration.TestBackendIntegration.test_database_models)
ë°ì´í„°ë² ì´ìŠ¤ ëª¨ë¸ í†µí•© í…ŒìŠ¤íŠ¸ ... ok
test_item_to_json (test_integration.TestDataPipeline.test_item_to_json)
Item â†’ JSON ë³€í™˜ í…ŒìŠ¤íŠ¸ ... /Users/juns/code/personal/notion/pknu_workspace/bigdata/scrapy_env/lib/python3.14/site-packages/itemadapter/_imports.py:45: UserWarning: Core Pydantic V1 functionality isn't compatible with Python 3.14 or greater.
  import pydantic.v1 as pydantic_v1
ok
test_spider_to_item (test_integration.TestDataPipeline.test_spider_to_item)
Spider â†’ Item íŒŒì´í”„ë¼ì¸ í…ŒìŠ¤íŠ¸ ... ok
test_mapper_invalid_data (test_mapreduce.TestMapper.test_mapper_invalid_data)
ë¬´íš¨í•œ ë°ì´í„° í•„í„°ë§ í…ŒìŠ¤íŠ¸ ... ok
test_mapper_processing (test_mapreduce.TestMapper.test_mapper_processing)
Mapper ë°ì´í„° ì²˜ë¦¬ í…ŒìŠ¤íŠ¸ ... ok
test_remove_duplicates (test_mapreduce.TestReducer.test_remove_duplicates)
ì¤‘ë³µ ì œê±° í…ŒìŠ¤íŠ¸ ... ok
test_spider_name (test_spiders.TestCoinnessSpider.test_spider_name)
Spider ì´ë¦„ í™•ì¸ ... ok
test_allowed_domains (test_spiders.TestUpbitTrendsSpider.test_allowed_domains)
í—ˆìš©ëœ ë„ë©”ì¸ í™•ì¸ ... ok
test_create_trend_item (test_spiders.TestUpbitTrendsSpider.test_create_trend_item)
íŠ¸ë Œë“œ ì•„ì´í…œ ìƒì„± í…ŒìŠ¤íŠ¸ ... Error creating trend item: Error with input processor MapCompose: field='price' value=[50000] error='ValueError: Error in MapCompose with <method 'strip' of 'str' objects> value=[50000] error='TypeError: descriptor 'strip' for 'str' objects doesn't apply to a 'int' object''
FAIL
test_spider_name (test_spiders.TestUpbitTrendsSpider.test_spider_name)
Spider ì´ë¦„ í™•ì¸ ... ok
test_clean_text (test_utils.TestUtils.test_clean_text)
í…ìŠ¤íŠ¸ ì •ì œ í…ŒìŠ¤íŠ¸ ... ok
test_generate_hash (test_utils.TestUtils.test_generate_hash)
í•´ì‹œ ìƒì„± í…ŒìŠ¤íŠ¸ ... ok
test_get_timestamp (test_utils.TestUtils.test_get_timestamp)
íƒ€ì„ìŠ¤íƒ¬í”„ ìƒì„± í…ŒìŠ¤íŠ¸ ... ok
test_validate_json (test_utils.TestUtils.test_validate_json)
JSON ìœ íš¨ì„± ê²€ì‚¬ í…ŒìŠ¤íŠ¸ ... ok

======================================================================
FAIL: test_create_trend_item (test_spiders.TestUpbitTrendsSpider.test_create_trend_item)
íŠ¸ë Œë“œ ì•„ì´í…œ ìƒì„± í…ŒìŠ¤íŠ¸
----------------------------------------------------------------------
Traceback (most recent call last):
  File "/Users/juns/code/personal/notion/pknu_workspace/bigdata/PICU/cointicker/tests/test_spiders.py", line 48, in test_create_trend_item
    self.assertEqual(len(items), 1)
    ~~~~~~~~~~~~~~~~^^^^^^^^^^^^^^^
AssertionError: 0 != 1

----------------------------------------------------------------------
Ran 18 tests in 4.829s

FAILED (failures=1)
[0;31m[ERROR][0m Unit í…ŒìŠ¤íŠ¸ ì‹¤íŒ¨
[0;34m[INFO][0m Backend API ìƒíƒœ í™•ì¸ ì¤‘...
[0;32m[SUCCESS][0m Backend ì„œë²„ ì‹¤í–‰ ì¤‘ (í¬íŠ¸: 5001)
[0;34m[INFO][0m Frontend ì„œë²„ ìƒíƒœ í™•ì¸ ì¤‘...
[1;33m[WARNING][0m Frontend ì„œë²„ê°€ ì‹¤í–‰ ì¤‘ì´ ì•„ë‹™ë‹ˆë‹¤ (í¬íŠ¸: 3000)
[0;34m[INFO][0m Kafka ë¸Œë¡œì»¤ ìƒíƒœ í™•ì¸ ì¤‘...
[1;33m[WARNING][0m Kafka ëª…ë ¹ì–´ë¥¼ ì°¾ì„ ìˆ˜ ì—†ìŠµë‹ˆë‹¤
[0;34m[INFO][0m HDFS ìƒíƒœ í™•ì¸ ì¤‘...
[1;33m[WARNING][0m HDFS ëª…ë ¹ì–´ë¥¼ ì°¾ì„ ìˆ˜ ì—†ìŠµë‹ˆë‹¤
[0;34m[INFO][0m Spider ì‹¤í–‰ í…ŒìŠ¤íŠ¸ ì¤‘...
[1;33m[WARNING][0m Spider ì‹¤í–‰ ì‹¤íŒ¨: Scrapy í”„ë¡œì íŠ¸ê°€ í™œì„±í™”ë˜ì§€ ì•Šì•˜ìŠµë‹ˆë‹¤
[1;33m[WARNING][0m   ì‘ì—… ë””ë ‰í† ë¦¬: /Users/juns/code/personal/notion/pknu_workspace/bigdata/PICU/cointicker/worker-nodes
[0;34m[INFO][0m Python ë²„ì „ í™•ì¸ ì¤‘...
[0;32m[SUCCESS][0m Python ë²„ì „ í™•ì¸: Python 3.14.0
[0;34m[INFO][0m ê°€ìƒí™˜ê²½ ì„¤ì • ì¤‘...
[0;34m[INFO][0m PICU ë£¨íŠ¸: /Users/juns/code/personal/notion/pknu_workspace/bigdata/PICU
[0;34m[INFO][0m PROJECT_ROOT: /Users/juns/code/personal/notion/pknu_workspace/bigdata/PICU/cointicker
[0;34m[INFO][0m í˜„ì¬ VIRTUAL_ENV: /Users/juns/code/personal/notion/pknu_workspace/bigdata/scrapy_env
[0;34m[INFO][0m ì´ë¯¸ ê°€ìƒí™˜ê²½ì´ í™œì„±í™”ë˜ì–´ ìˆìŠµë‹ˆë‹¤: /Users/juns/code/personal/notion/pknu_workspace/bigdata/scrapy_env
[0;32m[SUCCESS][0m ê°€ìƒí™˜ê²½ í™œì„±í™” ì™„ë£Œ: /Users/juns/code/personal/notion/pknu_workspace/bigdata/scrapy_env
[0;34m[INFO][0m pip ì—…ê·¸ë ˆì´ë“œ ì¤‘...
[0;32m[SUCCESS][0m pip ì—…ê·¸ë ˆì´ë“œ ì™„ë£Œ
[0;34m[INFO][0m ì˜ì¡´ì„± ì„¤ì¹˜ ì¤‘...
[0;34m[INFO][0m requirements.txt ì‚¬ìš©: /Users/juns/code/personal/notion/pknu_workspace/bigdata/PICU/requirements.txt
[0;32m[SUCCESS][0m ì˜ì¡´ì„± ì„¤ì¹˜ ì™„ë£Œ
[0;34m[INFO][0m Python ë¬¸ë²• ê²€ì‚¬ ì¤‘...
[0;32m[SUCCESS][0m ëª¨ë“  Python íŒŒì¼ ë¬¸ë²• ì •ìƒ (°œ)
[0;34m[INFO][0m ëª¨ë“ˆ Import í…ŒìŠ¤íŠ¸ ì¤‘...
[0;32m[SUCCESS][0m shared.utils
[0;32m[SUCCESS][0m backend.models
[0;32m[SUCCESS][0m cointicker.spiders
[0;32m[SUCCESS][0m cointicker.items
[0;32m[SUCCESS][0m backend.api
[0;32m[SUCCESS][0m backend.services
[0;32m[SUCCESS][0m mapreduce
[0;34m[INFO][0m Spider êµ¬ì¡° í…ŒìŠ¤íŠ¸ ì¤‘...
[0;32m[SUCCESS][0m Spider: upbit_trends
[0;32m[SUCCESS][0m Spider: coinness
[0;32m[SUCCESS][0m Spider: saveticker
[0;32m[SUCCESS][0m Spider: perplexity
[0;32m[SUCCESS][0m Spider: cnn_fear_greed
[0;34m[INFO][0m Unit í…ŒìŠ¤íŠ¸ ì‹¤í–‰ ì¤‘...
test_market_trends_model (test_backend.TestModels.test_market_trends_model)
MarketTrends ëª¨ë¸ í…ŒìŠ¤íŠ¸ ... /Users/juns/code/personal/notion/pknu_workspace/bigdata/PICU/cointicker/backend/models/__init__.py:20: MovedIn20Warning: The ``declarative_base()`` function is now available as sqlalchemy.orm.declarative_base(). (deprecated since: 2.0) (Background on SQLAlchemy 2.0 at: https://sqlalche.me/e/b8d9)
  Base = declarative_base()
ok
test_raw_news_model (test_backend.TestModels.test_raw_news_model)
RawNews ëª¨ë¸ í…ŒìŠ¤íŠ¸ ... ok
test_sentiment_analyzer_mock (test_backend.TestServices.test_sentiment_analyzer_mock)
ê°ì„± ë¶„ì„ê¸° Mock í…ŒìŠ¤íŠ¸ ... ok
test_technical_indicators (test_backend.TestServices.test_technical_indicators)
ê¸°ìˆ ì  ì§€í‘œ ê³„ì‚° í…ŒìŠ¤íŠ¸ ... ok
test_database_models (test_integration.TestBackendIntegration.test_database_models)
ë°ì´í„°ë² ì´ìŠ¤ ëª¨ë¸ í†µí•© í…ŒìŠ¤íŠ¸ ... ok
test_item_to_json (test_integration.TestDataPipeline.test_item_to_json)
Item â†’ JSON ë³€í™˜ í…ŒìŠ¤íŠ¸ ... /Users/juns/code/personal/notion/pknu_workspace/bigdata/scrapy_env/lib/python3.14/site-packages/itemadapter/_imports.py:45: UserWarning: Core Pydantic V1 functionality isn't compatible with Python 3.14 or greater.
  import pydantic.v1 as pydantic_v1
ok
test_spider_to_item (test_integration.TestDataPipeline.test_spider_to_item)
Spider â†’ Item íŒŒì´í”„ë¼ì¸ í…ŒìŠ¤íŠ¸ ... ok
test_mapper_invalid_data (test_mapreduce.TestMapper.test_mapper_invalid_data)
ë¬´íš¨í•œ ë°ì´í„° í•„í„°ë§ í…ŒìŠ¤íŠ¸ ... ok
test_mapper_processing (test_mapreduce.TestMapper.test_mapper_processing)
Mapper ë°ì´í„° ì²˜ë¦¬ í…ŒìŠ¤íŠ¸ ... ok
test_remove_duplicates (test_mapreduce.TestReducer.test_remove_duplicates)
ì¤‘ë³µ ì œê±° í…ŒìŠ¤íŠ¸ ... ok
test_spider_name (test_spiders.TestCoinnessSpider.test_spider_name)
Spider ì´ë¦„ í™•ì¸ ... ok
test_allowed_domains (test_spiders.TestUpbitTrendsSpider.test_allowed_domains)
í—ˆìš©ëœ ë„ë©”ì¸ í™•ì¸ ... ok
test_create_trend_item (test_spiders.TestUpbitTrendsSpider.test_create_trend_item)
íŠ¸ë Œë“œ ì•„ì´í…œ ìƒì„± í…ŒìŠ¤íŠ¸ ... Error creating trend item: Error with input processor MapCompose: field='price' value=[50000] error='ValueError: Error in MapCompose with <method 'strip' of 'str' objects> value=[50000] error='TypeError: descriptor 'strip' for 'str' objects doesn't apply to a 'int' object''
FAIL
test_spider_name (test_spiders.TestUpbitTrendsSpider.test_spider_name)
Spider ì´ë¦„ í™•ì¸ ... ok
test_clean_text (test_utils.TestUtils.test_clean_text)
í…ìŠ¤íŠ¸ ì •ì œ í…ŒìŠ¤íŠ¸ ... ok
test_generate_hash (test_utils.TestUtils.test_generate_hash)
í•´ì‹œ ìƒì„± í…ŒìŠ¤íŠ¸ ... ok
test_get_timestamp (test_utils.TestUtils.test_get_timestamp)
íƒ€ì„ìŠ¤íƒ¬í”„ ìƒì„± í…ŒìŠ¤íŠ¸ ... ok
test_validate_json (test_utils.TestUtils.test_validate_json)
JSON ìœ íš¨ì„± ê²€ì‚¬ í…ŒìŠ¤íŠ¸ ... ok

======================================================================
FAIL: test_create_trend_item (test_spiders.TestUpbitTrendsSpider.test_create_trend_item)
íŠ¸ë Œë“œ ì•„ì´í…œ ìƒì„± í…ŒìŠ¤íŠ¸
----------------------------------------------------------------------
Traceback (most recent call last):
  File "/Users/juns/code/personal/notion/pknu_workspace/bigdata/PICU/cointicker/tests/test_spiders.py", line 48, in test_create_trend_item
    self.assertEqual(len(items), 1)
    ~~~~~~~~~~~~~~~~^^^^^^^^^^^^^^^
AssertionError: 0 != 1

----------------------------------------------------------------------
Ran 18 tests in 4.892s

FAILED (failures=1)
[0;31m[ERROR][0m Unit í…ŒìŠ¤íŠ¸ ì‹¤íŒ¨
[0;34m[INFO][0m Backend API ìƒíƒœ í™•ì¸ ì¤‘...
[0;32m[SUCCESS][0m Backend ì„œë²„ ì‹¤í–‰ ì¤‘ (í¬íŠ¸: 5001)
[0;34m[INFO][0m Frontend ì„œë²„ ìƒíƒœ í™•ì¸ ì¤‘...
[0;34m[INFO][0m Frontend ì„œë²„ ì‹œì‘ ì¤‘...
[0;34m[INFO][0m Frontend ì„œë²„ ì‹œì‘ë¨ (PID: 41460)
[1;33m[WARNING][0m Frontend ì„œë²„ ì‹œì‘ ì‹¤íŒ¨ ë˜ëŠ” íƒ€ì„ì•„ì›ƒ
[0;34m[INFO][0m Kafka ë¸Œë¡œì»¤ ìƒíƒœ í™•ì¸ ì¤‘...
[1;33m[WARNING][0m Kafka ëª…ë ¹ì–´ë¥¼ ì°¾ì„ ìˆ˜ ì—†ìŠµë‹ˆë‹¤
[0;34m[INFO][0m Kafka Consumer ì‹œì‘ ì‹œë„ ì¤‘...
[0;34m[INFO][0m Kafka Consumer ìŠ¤í¬ë¦½íŠ¸ ë°œê²¬: /Users/juns/code/personal/notion/pknu_workspace/bigdata/PICU/cointicker/worker-nodes/scripts/run_kafka_consumer.sh
[0;34m[INFO][0m HDFS ìƒíƒœ í™•ì¸ ì¤‘...
[1;33m[WARNING][0m HDFS ëª…ë ¹ì–´ë¥¼ ì°¾ì„ ìˆ˜ ì—†ìŠµë‹ˆë‹¤
[0;34m[INFO][0m HDFS ê´€ë ¨ ìŠ¤í¬ë¦½íŠ¸ í™•ì¸ ì¤‘...
[0;34m[INFO][0m MapReduce ìŠ¤í¬ë¦½íŠ¸ ë°œê²¬: /Users/juns/code/personal/notion/pknu_workspace/bigdata/PICU/cointicker/worker-nodes/mapreduce/run_cleaner.sh
[0;34m[INFO][0m Spider ì‹¤í–‰ í…ŒìŠ¤íŠ¸ ì¤‘...
[1;33m[WARNING][0m Spider ì‹¤í–‰ ì‹¤íŒ¨: Scrapy í”„ë¡œì íŠ¸ê°€ í™œì„±í™”ë˜ì§€ ì•Šì•˜ìŠµë‹ˆë‹¤
[1;33m[WARNING][0m   ì‘ì—… ë””ë ‰í† ë¦¬: /Users/juns/code/personal/notion/pknu_workspace/bigdata/PICU/cointicker/worker-nodes
[0;34m[INFO][0m Python ë²„ì „ í™•ì¸ ì¤‘...
[0;32m[SUCCESS][0m Python ë²„ì „ í™•ì¸: Python 3.14.0
[0;34m[INFO][0m ê°€ìƒí™˜ê²½ ì„¤ì • ì¤‘...
[0;34m[INFO][0m PICU ë£¨íŠ¸: /Users/juns/code/personal/notion/pknu_workspace/bigdata/PICU
[0;34m[INFO][0m PROJECT_ROOT: /Users/juns/code/personal/notion/pknu_workspace/bigdata/PICU/cointicker
[0;34m[INFO][0m í˜„ì¬ VIRTUAL_ENV: /Users/juns/code/personal/notion/pknu_workspace/bigdata/scrapy_env
[0;34m[INFO][0m ì´ë¯¸ ê°€ìƒí™˜ê²½ì´ í™œì„±í™”ë˜ì–´ ìˆìŠµë‹ˆë‹¤: /Users/juns/code/personal/notion/pknu_workspace/bigdata/scrapy_env
[0;32m[SUCCESS][0m ê°€ìƒí™˜ê²½ í™œì„±í™” ì™„ë£Œ: /Users/juns/code/personal/notion/pknu_workspace/bigdata/scrapy_env
[0;34m[INFO][0m pip ì—…ê·¸ë ˆì´ë“œ ì¤‘...
[0;32m[SUCCESS][0m pip ì—…ê·¸ë ˆì´ë“œ ì™„ë£Œ
[0;34m[INFO][0m ì˜ì¡´ì„± ì„¤ì¹˜ ì¤‘...
[0;34m[INFO][0m requirements.txt ì‚¬ìš©: /Users/juns/code/personal/notion/pknu_workspace/bigdata/PICU/requirements.txt
[0;32m[SUCCESS][0m ì˜ì¡´ì„± ì„¤ì¹˜ ì™„ë£Œ
[0;34m[INFO][0m Python ë¬¸ë²• ê²€ì‚¬ ì¤‘...
[0;32m[SUCCESS][0m ëª¨ë“  Python íŒŒì¼ ë¬¸ë²• ì •ìƒ (°œ)
[0;34m[INFO][0m ëª¨ë“ˆ Import í…ŒìŠ¤íŠ¸ ì¤‘...
[0;32m[SUCCESS][0m shared.utils
[0;32m[SUCCESS][0m backend.models
[0;32m[SUCCESS][0m cointicker.spiders
[0;32m[SUCCESS][0m cointicker.items
[0;32m[SUCCESS][0m backend.api
[0;32m[SUCCESS][0m backend.services
[0;32m[SUCCESS][0m mapreduce
[0;34m[INFO][0m Spider êµ¬ì¡° í…ŒìŠ¤íŠ¸ ì¤‘...
[0;32m[SUCCESS][0m Spider: upbit_trends
[0;32m[SUCCESS][0m Spider: coinness
[0;32m[SUCCESS][0m Spider: saveticker
[0;32m[SUCCESS][0m Spider: perplexity
[0;32m[SUCCESS][0m Spider: cnn_fear_greed
[0;34m[INFO][0m Unit í…ŒìŠ¤íŠ¸ ì‹¤í–‰ ì¤‘...
test_market_trends_model (test_backend.TestModels.test_market_trends_model)
MarketTrends ëª¨ë¸ í…ŒìŠ¤íŠ¸ ... /Users/juns/code/personal/notion/pknu_workspace/bigdata/PICU/cointicker/backend/models/__init__.py:20: MovedIn20Warning: The ``declarative_base()`` function is now available as sqlalchemy.orm.declarative_base(). (deprecated since: 2.0) (Background on SQLAlchemy 2.0 at: https://sqlalche.me/e/b8d9)
  Base = declarative_base()
ok
test_raw_news_model (test_backend.TestModels.test_raw_news_model)
RawNews ëª¨ë¸ í…ŒìŠ¤íŠ¸ ... ok
test_sentiment_analyzer_mock (test_backend.TestServices.test_sentiment_analyzer_mock)
ê°ì„± ë¶„ì„ê¸° Mock í…ŒìŠ¤íŠ¸ ... ok
test_technical_indicators (test_backend.TestServices.test_technical_indicators)
ê¸°ìˆ ì  ì§€í‘œ ê³„ì‚° í…ŒìŠ¤íŠ¸ ... ok
test_database_models (test_integration.TestBackendIntegration.test_database_models)
ë°ì´í„°ë² ì´ìŠ¤ ëª¨ë¸ í†µí•© í…ŒìŠ¤íŠ¸ ... ok
test_item_to_json (test_integration.TestDataPipeline.test_item_to_json)
Item â†’ JSON ë³€í™˜ í…ŒìŠ¤íŠ¸ ... /Users/juns/code/personal/notion/pknu_workspace/bigdata/scrapy_env/lib/python3.14/site-packages/itemadapter/_imports.py:45: UserWarning: Core Pydantic V1 functionality isn't compatible with Python 3.14 or greater.
  import pydantic.v1 as pydantic_v1
ok
test_spider_to_item (test_integration.TestDataPipeline.test_spider_to_item)
Spider â†’ Item íŒŒì´í”„ë¼ì¸ í…ŒìŠ¤íŠ¸ ... ok
test_mapper_invalid_data (test_mapreduce.TestMapper.test_mapper_invalid_data)
ë¬´íš¨í•œ ë°ì´í„° í•„í„°ë§ í…ŒìŠ¤íŠ¸ ... ok
test_mapper_processing (test_mapreduce.TestMapper.test_mapper_processing)
Mapper ë°ì´í„° ì²˜ë¦¬ í…ŒìŠ¤íŠ¸ ... ok
test_remove_duplicates (test_mapreduce.TestReducer.test_remove_duplicates)
ì¤‘ë³µ ì œê±° í…ŒìŠ¤íŠ¸ ... ok
test_spider_name (test_spiders.TestCoinnessSpider.test_spider_name)
Spider ì´ë¦„ í™•ì¸ ... ok
test_allowed_domains (test_spiders.TestUpbitTrendsSpider.test_allowed_domains)
í—ˆìš©ëœ ë„ë©”ì¸ í™•ì¸ ... ok
test_create_trend_item (test_spiders.TestUpbitTrendsSpider.test_create_trend_item)
íŠ¸ë Œë“œ ì•„ì´í…œ ìƒì„± í…ŒìŠ¤íŠ¸ ... Error creating trend item: Error with input processor MapCompose: field='price' value=[50000] error='ValueError: Error in MapCompose with <method 'strip' of 'str' objects> value=[50000] error='TypeError: descriptor 'strip' for 'str' objects doesn't apply to a 'int' object''
FAIL
test_spider_name (test_spiders.TestUpbitTrendsSpider.test_spider_name)
Spider ì´ë¦„ í™•ì¸ ... ok
test_clean_text (test_utils.TestUtils.test_clean_text)
í…ìŠ¤íŠ¸ ì •ì œ í…ŒìŠ¤íŠ¸ ... ok
test_generate_hash (test_utils.TestUtils.test_generate_hash)
í•´ì‹œ ìƒì„± í…ŒìŠ¤íŠ¸ ... ok
test_get_timestamp (test_utils.TestUtils.test_get_timestamp)
íƒ€ì„ìŠ¤íƒ¬í”„ ìƒì„± í…ŒìŠ¤íŠ¸ ... ok
test_validate_json (test_utils.TestUtils.test_validate_json)
JSON ìœ íš¨ì„± ê²€ì‚¬ í…ŒìŠ¤íŠ¸ ... ok

======================================================================
FAIL: test_create_trend_item (test_spiders.TestUpbitTrendsSpider.test_create_trend_item)
íŠ¸ë Œë“œ ì•„ì´í…œ ìƒì„± í…ŒìŠ¤íŠ¸
----------------------------------------------------------------------
Traceback (most recent call last):
  File "/Users/juns/code/personal/notion/pknu_workspace/bigdata/PICU/cointicker/tests/test_spiders.py", line 48, in test_create_trend_item
    self.assertEqual(len(items), 1)
    ~~~~~~~~~~~~~~~~^^^^^^^^^^^^^^^
AssertionError: 0 != 1

----------------------------------------------------------------------
Ran 18 tests in 4.897s

FAILED (failures=1)
[0;31m[ERROR][0m Unit í…ŒìŠ¤íŠ¸ ì‹¤íŒ¨
[0;34m[INFO][0m Backend API ìƒíƒœ í™•ì¸ ì¤‘...
[0;32m[SUCCESS][0m Backend ì„œë²„ ì‹¤í–‰ ì¤‘ (í¬íŠ¸: 5001)
[0;34m[INFO][0m Frontend ì„œë²„ ìƒíƒœ í™•ì¸ ì¤‘...
[0;34m[INFO][0m Frontend ì„œë²„ ì‹œì‘ ì¤‘...
[0;34m[INFO][0m Frontend ì„œë²„ ì‹œì‘ë¨ (PID: 53093)
[0;31m[ERROR][0m Frontend ì„œë²„ ì‹œì‘ ì‹¤íŒ¨ ë˜ëŠ” íƒ€ì„ì•„ì›ƒ
[0;34m[INFO][0m Kafka ë¸Œë¡œì»¤ ìƒíƒœ í™•ì¸ ì¤‘...
[0;34m[INFO][0m Kafka Consumer ì‹œì‘ ì¤‘...
[0;34m[INFO][0m Kafka Consumer ì‹œì‘ë¨ (PID: 53347)
[0;32m[SUCCESS][0m Kafka Consumer ì‹¤í–‰ ì¤‘ (PID: 53347)
[0;34m[INFO][0m HDFS ìƒíƒœ í™•ì¸ ì¤‘...
[0;34m[INFO][0m MapReduce ì‘ì—… ì‹œì‘ ì¤‘...
[0;34m[INFO][0m MapReduce ìŠ¤í¬ë¦½íŠ¸ í™•ì¸: /Users/juns/code/personal/notion/pknu_workspace/bigdata/PICU/cointicker/worker-nodes/mapreduce/run_cleaner.sh
[0;32m[SUCCESS][0m MapReduce ìŠ¤í¬ë¦½íŠ¸ ìœ íš¨ì„± í™•ì¸ ì™„ë£Œ
[0;34m[INFO][0m Spider ì‹¤í–‰ í…ŒìŠ¤íŠ¸ ì¤‘...
[0;34m[INFO][0m Spider ì‹¤í–‰ ì¤‘ (upbit_trends)...
[0;31m[ERROR][0m Spider ì‹¤í–‰ ì™„ë£Œí–ˆìœ¼ë‚˜ ì•„ì´í…œì´ ìˆ˜ì§‘ë˜ì§€ ì•Šì•˜ìŠµë‹ˆë‹¤
[0;34m[INFO][0m Python ë²„ì „ í™•ì¸ ì¤‘...
[0;32m[SUCCESS][0m Python ë²„ì „ í™•ì¸: Python 3.14.0
[0;34m[INFO][0m ê°€ìƒí™˜ê²½ ì„¤ì • ì¤‘...
[0;34m[INFO][0m PICU ë£¨íŠ¸: /Users/juns/code/personal/notion/pknu_workspace/bigdata/PICU
[0;34m[INFO][0m PROJECT_ROOT: /Users/juns/code/personal/notion/pknu_workspace/bigdata/PICU/cointicker
[0;34m[INFO][0m í˜„ì¬ VIRTUAL_ENV: /Users/juns/code/personal/notion/pknu_workspace/bigdata/scrapy_env
[0;34m[INFO][0m ì´ë¯¸ ê°€ìƒí™˜ê²½ì´ í™œì„±í™”ë˜ì–´ ìˆìŠµë‹ˆë‹¤: /Users/juns/code/personal/notion/pknu_workspace/bigdata/scrapy_env
[0;32m[SUCCESS][0m ê°€ìƒí™˜ê²½ í™œì„±í™” ì™„ë£Œ: /Users/juns/code/personal/notion/pknu_workspace/bigdata/scrapy_env
[0;34m[INFO][0m pip ì—…ê·¸ë ˆì´ë“œ ì¤‘...
[0;32m[SUCCESS][0m pip ì—…ê·¸ë ˆì´ë“œ ì™„ë£Œ
[0;34m[INFO][0m ì˜ì¡´ì„± ì„¤ì¹˜ ì¤‘...
[0;34m[INFO][0m requirements.txt ì‚¬ìš©: /Users/juns/code/personal/notion/pknu_workspace/bigdata/PICU/requirements.txt
[0;32m[SUCCESS][0m ì˜ì¡´ì„± ì„¤ì¹˜ ì™„ë£Œ
[0;34m[INFO][0m Python ë¬¸ë²• ê²€ì‚¬ ì¤‘...
[0;32m[SUCCESS][0m ëª¨ë“  Python íŒŒì¼ ë¬¸ë²• ì •ìƒ (°œ)
[0;34m[INFO][0m ëª¨ë“ˆ Import í…ŒìŠ¤íŠ¸ ì¤‘...
[0;32m[SUCCESS][0m shared.utils
[0;32m[SUCCESS][0m backend.models
[0;32m[SUCCESS][0m cointicker.spiders
[0;32m[SUCCESS][0m cointicker.items
[0;32m[SUCCESS][0m backend.api
[0;32m[SUCCESS][0m backend.services
[0;32m[SUCCESS][0m mapreduce
[0;34m[INFO][0m Spider êµ¬ì¡° í…ŒìŠ¤íŠ¸ ì¤‘...
[0;32m[SUCCESS][0m Spider: upbit_trends
[0;32m[SUCCESS][0m Spider: coinness
[0;32m[SUCCESS][0m Spider: saveticker
[0;32m[SUCCESS][0m Spider: perplexity
[0;32m[SUCCESS][0m Spider: cnn_fear_greed
[0;34m[INFO][0m Unit í…ŒìŠ¤íŠ¸ ì‹¤í–‰ ì¤‘...
test_market_trends_model (test_backend.TestModels.test_market_trends_model)
MarketTrends ëª¨ë¸ í…ŒìŠ¤íŠ¸ ... /Users/juns/code/personal/notion/pknu_workspace/bigdata/PICU/cointicker/backend/models/__init__.py:20: MovedIn20Warning: The ``declarative_base()`` function is now available as sqlalchemy.orm.declarative_base(). (deprecated since: 2.0) (Background on SQLAlchemy 2.0 at: https://sqlalche.me/e/b8d9)
  Base = declarative_base()
ok
test_raw_news_model (test_backend.TestModels.test_raw_news_model)
RawNews ëª¨ë¸ í…ŒìŠ¤íŠ¸ ... ok
test_sentiment_analyzer_mock (test_backend.TestServices.test_sentiment_analyzer_mock)
ê°ì„± ë¶„ì„ê¸° Mock í…ŒìŠ¤íŠ¸ ... ok
test_technical_indicators (test_backend.TestServices.test_technical_indicators)
ê¸°ìˆ ì  ì§€í‘œ ê³„ì‚° í…ŒìŠ¤íŠ¸ ... ok
test_database_models (test_integration.TestBackendIntegration.test_database_models)
ë°ì´í„°ë² ì´ìŠ¤ ëª¨ë¸ í†µí•© í…ŒìŠ¤íŠ¸ ... ok
test_item_to_json (test_integration.TestDataPipeline.test_item_to_json)
Item â†’ JSON ë³€í™˜ í…ŒìŠ¤íŠ¸ ... /Users/juns/code/personal/notion/pknu_workspace/bigdata/scrapy_env/lib/python3.14/site-packages/itemadapter/_imports.py:45: UserWarning: Core Pydantic V1 functionality isn't compatible with Python 3.14 or greater.
  import pydantic.v1 as pydantic_v1
ok
test_spider_to_item (test_integration.TestDataPipeline.test_spider_to_item)
Spider â†’ Item íŒŒì´í”„ë¼ì¸ í…ŒìŠ¤íŠ¸ ... ok
test_mapper_invalid_data (test_mapreduce.TestMapper.test_mapper_invalid_data)
ë¬´íš¨í•œ ë°ì´í„° í•„í„°ë§ í…ŒìŠ¤íŠ¸ ... ok
test_mapper_processing (test_mapreduce.TestMapper.test_mapper_processing)
Mapper ë°ì´í„° ì²˜ë¦¬ í…ŒìŠ¤íŠ¸ ... ok
test_remove_duplicates (test_mapreduce.TestReducer.test_remove_duplicates)
ì¤‘ë³µ ì œê±° í…ŒìŠ¤íŠ¸ ... ok
test_spider_name (test_spiders.TestCoinnessSpider.test_spider_name)
Spider ì´ë¦„ í™•ì¸ ... ok
test_allowed_domains (test_spiders.TestUpbitTrendsSpider.test_allowed_domains)
í—ˆìš©ëœ ë„ë©”ì¸ í™•ì¸ ... ok
test_create_trend_item (test_spiders.TestUpbitTrendsSpider.test_create_trend_item)
íŠ¸ë Œë“œ ì•„ì´í…œ ìƒì„± í…ŒìŠ¤íŠ¸ ... ok
test_spider_name (test_spiders.TestUpbitTrendsSpider.test_spider_name)
Spider ì´ë¦„ í™•ì¸ ... ok
test_clean_text (test_utils.TestUtils.test_clean_text)
í…ìŠ¤íŠ¸ ì •ì œ í…ŒìŠ¤íŠ¸ ... ok
test_generate_hash (test_utils.TestUtils.test_generate_hash)
í•´ì‹œ ìƒì„± í…ŒìŠ¤íŠ¸ ... ok
test_get_timestamp (test_utils.TestUtils.test_get_timestamp)
íƒ€ì„ìŠ¤íƒ¬í”„ ìƒì„± í…ŒìŠ¤íŠ¸ ... ok
test_validate_json (test_utils.TestUtils.test_validate_json)
JSON ìœ íš¨ì„± ê²€ì‚¬ í…ŒìŠ¤íŠ¸ ... ok

----------------------------------------------------------------------
Ran 18 tests in 5.080s

OK
[0;32m[SUCCESS][0m Unit í…ŒìŠ¤íŠ¸ í†µê³¼
[0;34m[INFO][0m Backend API ìƒíƒœ í™•ì¸ ì¤‘...
[0;32m[SUCCESS][0m Backend ì„œë²„ ì‹¤í–‰ ì¤‘ (í¬íŠ¸: 5001)
[0;34m[INFO][0m Frontend ì„œë²„ ìƒíƒœ í™•ì¸ ì¤‘...
[1;33m[WARNING][0m Frontend ì„œë²„ê°€ ì‹¤í–‰ ì¤‘ì´ ì•„ë‹™ë‹ˆë‹¤ (í¬íŠ¸: 3000)
[0;34m[INFO][0m Kafka ë¸Œë¡œì»¤ ìƒíƒœ í™•ì¸ ì¤‘...
[1;33m[WARNING][0m Kafka ëª…ë ¹ì–´ë¥¼ ì°¾ì„ ìˆ˜ ì—†ìŠµë‹ˆë‹¤
[0;34m[INFO][0m HDFS ìƒíƒœ í™•ì¸ ì¤‘...
[1;33m[WARNING][0m HDFS ëª…ë ¹ì–´ë¥¼ ì°¾ì„ ìˆ˜ ì—†ìŠµë‹ˆë‹¤
[0;34m[INFO][0m Spider ì‹¤í–‰ í…ŒìŠ¤íŠ¸ ì¤‘...
[0;32m[SUCCESS][0m Spider í”„ë¡œì íŠ¸ í™•ì¸ ì™„ë£Œ
[0;34m[INFO][0m Python ë²„ì „ í™•ì¸ ì¤‘...
[0;32m[SUCCESS][0m Python ë²„ì „ í™•ì¸: Python 3.14.0
[0;34m[INFO][0m ê°€ìƒí™˜ê²½ ì„¤ì • ì¤‘...
[0;34m[INFO][0m PICU ë£¨íŠ¸: /Users/juns/code/personal/notion/pknu_workspace/bigdata/PICU
[0;34m[INFO][0m PROJECT_ROOT: /Users/juns/code/personal/notion/pknu_workspace/bigdata/PICU/cointicker
[0;34m[INFO][0m í˜„ì¬ VIRTUAL_ENV: /Users/juns/code/personal/notion/pknu_workspace/bigdata/scrapy_env
[0;34m[INFO][0m ì´ë¯¸ ê°€ìƒí™˜ê²½ì´ í™œì„±í™”ë˜ì–´ ìˆìŠµë‹ˆë‹¤: /Users/juns/code/personal/notion/pknu_workspace/bigdata/scrapy_env
[0;32m[SUCCESS][0m ê°€ìƒí™˜ê²½ í™œì„±í™” ì™„ë£Œ: /Users/juns/code/personal/notion/pknu_workspace/bigdata/scrapy_env
[0;34m[INFO][0m pip ì—…ê·¸ë ˆì´ë“œ ì¤‘...
[0;32m[SUCCESS][0m pip ì—…ê·¸ë ˆì´ë“œ ì™„ë£Œ
[0;34m[INFO][0m ì˜ì¡´ì„± ì„¤ì¹˜ ì¤‘...
[0;34m[INFO][0m requirements.txt ì‚¬ìš©: /Users/juns/code/personal/notion/pknu_workspace/bigdata/PICU/requirements.txt
[0;32m[SUCCESS][0m ì˜ì¡´ì„± ì„¤ì¹˜ ì™„ë£Œ
[0;34m[INFO][0m Python ë¬¸ë²• ê²€ì‚¬ ì¤‘...
[0;32m[SUCCESS][0m ëª¨ë“  Python íŒŒì¼ ë¬¸ë²• ì •ìƒ (°œ)
[0;34m[INFO][0m ëª¨ë“ˆ Import í…ŒìŠ¤íŠ¸ ì¤‘...
[0;32m[SUCCESS][0m shared.utils
[0;32m[SUCCESS][0m backend.models
[0;32m[SUCCESS][0m cointicker.spiders
[0;32m[SUCCESS][0m cointicker.items
[0;32m[SUCCESS][0m backend.api
[0;32m[SUCCESS][0m backend.services
[0;32m[SUCCESS][0m mapreduce
[0;34m[INFO][0m Spider êµ¬ì¡° í…ŒìŠ¤íŠ¸ ì¤‘...
[0;32m[SUCCESS][0m Spider: upbit_trends
[0;32m[SUCCESS][0m Spider: coinness
[0;32m[SUCCESS][0m Spider: saveticker
[0;32m[SUCCESS][0m Spider: perplexity
[0;32m[SUCCESS][0m Spider: cnn_fear_greed
[0;34m[INFO][0m Unit í…ŒìŠ¤íŠ¸ ì‹¤í–‰ ì¤‘...
test_market_trends_model (test_backend.TestModels.test_market_trends_model)
MarketTrends ëª¨ë¸ í…ŒìŠ¤íŠ¸ ... /Users/juns/code/personal/notion/pknu_workspace/bigdata/PICU/cointicker/backend/models/__init__.py:20: MovedIn20Warning: The ``declarative_base()`` function is now available as sqlalchemy.orm.declarative_base(). (deprecated since: 2.0) (Background on SQLAlchemy 2.0 at: https://sqlalche.me/e/b8d9)
  Base = declarative_base()
ok
test_raw_news_model (test_backend.TestModels.test_raw_news_model)
RawNews ëª¨ë¸ í…ŒìŠ¤íŠ¸ ... ok
test_sentiment_analyzer_mock (test_backend.TestServices.test_sentiment_analyzer_mock)
ê°ì„± ë¶„ì„ê¸° Mock í…ŒìŠ¤íŠ¸ ... ok
test_technical_indicators (test_backend.TestServices.test_technical_indicators)
ê¸°ìˆ ì  ì§€í‘œ ê³„ì‚° í…ŒìŠ¤íŠ¸ ... ok
test_database_models (test_integration.TestBackendIntegration.test_database_models)
ë°ì´í„°ë² ì´ìŠ¤ ëª¨ë¸ í†µí•© í…ŒìŠ¤íŠ¸ ... ok
test_item_to_json (test_integration.TestDataPipeline.test_item_to_json)
Item â†’ JSON ë³€í™˜ í…ŒìŠ¤íŠ¸ ... /Users/juns/code/personal/notion/pknu_workspace/bigdata/scrapy_env/lib/python3.14/site-packages/itemadapter/_imports.py:45: UserWarning: Core Pydantic V1 functionality isn't compatible with Python 3.14 or greater.
  import pydantic.v1 as pydantic_v1
ok
test_spider_to_item (test_integration.TestDataPipeline.test_spider_to_item)
Spider â†’ Item íŒŒì´í”„ë¼ì¸ í…ŒìŠ¤íŠ¸ ... ok
test_mapper_invalid_data (test_mapreduce.TestMapper.test_mapper_invalid_data)
ë¬´íš¨í•œ ë°ì´í„° í•„í„°ë§ í…ŒìŠ¤íŠ¸ ... ok
test_mapper_processing (test_mapreduce.TestMapper.test_mapper_processing)
Mapper ë°ì´í„° ì²˜ë¦¬ í…ŒìŠ¤íŠ¸ ... ok
test_remove_duplicates (test_mapreduce.TestReducer.test_remove_duplicates)
ì¤‘ë³µ ì œê±° í…ŒìŠ¤íŠ¸ ... ok
test_spider_name (test_spiders.TestCoinnessSpider.test_spider_name)
Spider ì´ë¦„ í™•ì¸ ... ok
test_allowed_domains (test_spiders.TestUpbitTrendsSpider.test_allowed_domains)
í—ˆìš©ëœ ë„ë©”ì¸ í™•ì¸ ... ok
test_create_trend_item (test_spiders.TestUpbitTrendsSpider.test_create_trend_item)
íŠ¸ë Œë“œ ì•„ì´í…œ ìƒì„± í…ŒìŠ¤íŠ¸ ... ok
test_spider_name (test_spiders.TestUpbitTrendsSpider.test_spider_name)
Spider ì´ë¦„ í™•ì¸ ... ok
test_clean_text (test_utils.TestUtils.test_clean_text)
í…ìŠ¤íŠ¸ ì •ì œ í…ŒìŠ¤íŠ¸ ... ok
test_generate_hash (test_utils.TestUtils.test_generate_hash)
í•´ì‹œ ìƒì„± í…ŒìŠ¤íŠ¸ ... ok
test_get_timestamp (test_utils.TestUtils.test_get_timestamp)
íƒ€ì„ìŠ¤íƒ¬í”„ ìƒì„± í…ŒìŠ¤íŠ¸ ... ok
test_validate_json (test_utils.TestUtils.test_validate_json)
JSON ìœ íš¨ì„± ê²€ì‚¬ í…ŒìŠ¤íŠ¸ ... ok

----------------------------------------------------------------------
Ran 18 tests in 5.465s

OK
[0;32m[SUCCESS][0m Unit í…ŒìŠ¤íŠ¸ í†µê³¼
[0;34m[INFO][0m Backend API ìƒíƒœ í™•ì¸ ì¤‘...
[0;32m[SUCCESS][0m Backend ì„œë²„ ì‹¤í–‰ ì¤‘ (í¬íŠ¸: 5001)
[0;34m[INFO][0m Frontend ì„œë²„ ìƒíƒœ í™•ì¸ ì¤‘...
[0;34m[INFO][0m Frontend ì„œë²„ ì‹œì‘ ì¤‘...
[0;34m[INFO][0m Frontend ì„œë²„ ì‹œì‘ë¨ (PID: 4093)
[0;31m[ERROR][0m Frontend ì„œë²„ ì‹œì‘ ì‹¤íŒ¨ ë˜ëŠ” íƒ€ì„ì•„ì›ƒ
[0;34m[INFO][0m Kafka ë¸Œë¡œì»¤ ìƒíƒœ í™•ì¸ ì¤‘...
[0;34m[INFO][0m Kafka Consumer ì‹œì‘ ì¤‘...
[0;34m[INFO][0m Kafka Consumer ì‹œì‘ë¨ (PID: 4415)
[0;32m[SUCCESS][0m Kafka Consumer ì‹¤í–‰ ì¤‘ (PID: 4415)
[0;34m[INFO][0m HDFS ìƒíƒœ í™•ì¸ ì¤‘...
[0;34m[INFO][0m MapReduce ì‘ì—… ì‹œì‘ ì¤‘...
[0;34m[INFO][0m MapReduce ìŠ¤í¬ë¦½íŠ¸ í™•ì¸: /Users/juns/code/personal/notion/pknu_workspace/bigdata/PICU/cointicker/worker-nodes/mapreduce/run_cleaner.sh
[0;32m[SUCCESS][0m MapReduce ìŠ¤í¬ë¦½íŠ¸ ìœ íš¨ì„± í™•ì¸ ì™„ë£Œ
[0;34m[INFO][0m Spider ì‹¤í–‰ í…ŒìŠ¤íŠ¸ ì¤‘...
[0;34m[INFO][0m Spider ì‹¤í–‰ ì¤‘ (upbit_trends)...
[0;31m[ERROR][0m Spider ì‹¤í–‰ ì™„ë£Œí–ˆìœ¼ë‚˜ ì•„ì´í…œì´ ìˆ˜ì§‘ë˜ì§€ ì•Šì•˜ìŠµë‹ˆë‹¤
[0;34m[INFO][0m Python ë²„ì „ í™•ì¸ ì¤‘...
[0;32m[SUCCESS][0m Python ë²„ì „ í™•ì¸: Python 3.14.0
[0;34m[INFO][0m ê°€ìƒí™˜ê²½ ì„¤ì • ì¤‘...
[0;34m[INFO][0m PICU ë£¨íŠ¸: /Users/juns/code/personal/notion/pknu_workspace/bigdata/PICU
[0;34m[INFO][0m PROJECT_ROOT: /Users/juns/code/personal/notion/pknu_workspace/bigdata/PICU/cointicker
[0;34m[INFO][0m í˜„ì¬ VIRTUAL_ENV: ì—†ìŒ
[0;34m[INFO][0m PICU ë£¨íŠ¸ ê°€ìƒí™˜ê²½ ë°œê²¬: /Users/juns/code/personal/notion/pknu_workspace/bigdata/PICU/venv
[0;34m[INFO][0m PICU ë£¨íŠ¸ ê°€ìƒí™˜ê²½ í™œì„±í™” ì„±ê³µ
[0;32m[SUCCESS][0m ê°€ìƒí™˜ê²½ í™œì„±í™” ì™„ë£Œ: /Users/juns/code/personal/notion/pknu_workspace/bigdata/PICU/venv
[0;34m[INFO][0m pip ì—…ê·¸ë ˆì´ë“œ ì¤‘...
[0;32m[SUCCESS][0m pip ì—…ê·¸ë ˆì´ë“œ ì™„ë£Œ
[0;34m[INFO][0m ì˜ì¡´ì„± ì„¤ì¹˜ ì¤‘...
[0;34m[INFO][0m requirements.txt ì‚¬ìš©: /Users/juns/code/personal/notion/pknu_workspace/bigdata/PICU/requirements.txt
[0;32m[SUCCESS][0m ì˜ì¡´ì„± ì„¤ì¹˜ ì™„ë£Œ
[0;34m[INFO][0m Python ë¬¸ë²• ê²€ì‚¬ ì¤‘...
[0;32m[SUCCESS][0m ëª¨ë“  Python íŒŒì¼ ë¬¸ë²• ì •ìƒ (95ê°œ)
[0;34m[INFO][0m ëª¨ë“ˆ Import í…ŒìŠ¤íŠ¸ ì¤‘...
[0;32m[SUCCESS][0m shared.utils
[0;32m[SUCCESS][0m backend.models
[0;32m[SUCCESS][0m cointicker.spiders
[0;32m[SUCCESS][0m cointicker.items
[0;32m[SUCCESS][0m backend.api
[0;32m[SUCCESS][0m backend.services
[0;32m[SUCCESS][0m mapreduce
[0;34m[INFO][0m Spider êµ¬ì¡° í…ŒìŠ¤íŠ¸ ì¤‘...
[0;32m[SUCCESS][0m Spider: upbit_trends
[0;32m[SUCCESS][0m Spider: coinness
[0;32m[SUCCESS][0m Spider: saveticker
[0;32m[SUCCESS][0m Spider: perplexity
[0;32m[SUCCESS][0m Spider: cnn_fear_greed
[0;34m[INFO][0m Python ë²„ì „ í™•ì¸ ì¤‘...
[0;32m[SUCCESS][0m Python ë²„ì „ í™•ì¸: Python 3.14.0
[0;34m[INFO][0m ê°€ìƒí™˜ê²½ ì„¤ì • ì¤‘...
[0;34m[INFO][0m PICU ë£¨íŠ¸: /Users/juns/code/personal/notion/pknu_workspace/bigdata/PICU
[0;34m[INFO][0m PROJECT_ROOT: /Users/juns/code/personal/notion/pknu_workspace/bigdata/PICU/cointicker
[0;34m[INFO][0m í˜„ì¬ VIRTUAL_ENV: /Users/juns/code/personal/notion/pknu_workspace/bigdata/scrapy_env
[0;34m[INFO][0m ì´ë¯¸ ê°€ìƒí™˜ê²½ì´ í™œì„±í™”ë˜ì–´ ìˆìŠµë‹ˆë‹¤: /Users/juns/code/personal/notion/pknu_workspace/bigdata/scrapy_env
[0;32m[SUCCESS][0m ê°€ìƒí™˜ê²½ í™œì„±í™” ì™„ë£Œ: /Users/juns/code/personal/notion/pknu_workspace/bigdata/scrapy_env
[0;34m[INFO][0m pip ì—…ê·¸ë ˆì´ë“œ ì¤‘...
[0;32m[SUCCESS][0m pip ì—…ê·¸ë ˆì´ë“œ ì™„ë£Œ
[0;34m[INFO][0m ì˜ì¡´ì„± ì„¤ì¹˜ ì¤‘...
[0;34m[INFO][0m requirements.txt ì‚¬ìš©: /Users/juns/code/personal/notion/pknu_workspace/bigdata/PICU/requirements.txt
[0;32m[SUCCESS][0m ì˜ì¡´ì„± ì„¤ì¹˜ ì™„ë£Œ
[0;34m[INFO][0m Python ë¬¸ë²• ê²€ì‚¬ ì¤‘...
[0;32m[SUCCESS][0m ëª¨ë“  Python íŒŒì¼ ë¬¸ë²• ì •ìƒ (°œ)
[0;34m[INFO][0m ëª¨ë“ˆ Import í…ŒìŠ¤íŠ¸ ì¤‘...
[0;32m[SUCCESS][0m shared.utils
[0;32m[SUCCESS][0m backend.models
[0;32m[SUCCESS][0m cointicker.spiders
[0;32m[SUCCESS][0m cointicker.items
[0;32m[SUCCESS][0m backend.api
[0;32m[SUCCESS][0m backend.services
[0;32m[SUCCESS][0m mapreduce
[0;34m[INFO][0m Spider êµ¬ì¡° í…ŒìŠ¤íŠ¸ ì¤‘...
[0;32m[SUCCESS][0m Spider: upbit_trends
[0;32m[SUCCESS][0m Spider: coinness
[0;32m[SUCCESS][0m Spider: saveticker
[0;32m[SUCCESS][0m Spider: perplexity
[0;32m[SUCCESS][0m Spider: cnn_fear_greed
[0;34m[INFO][0m Unit í…ŒìŠ¤íŠ¸ ì‹¤í–‰ ì¤‘...
test_market_trends_model (test_backend.TestModels.test_market_trends_model)
MarketTrends ëª¨ë¸ í…ŒìŠ¤íŠ¸ ... /Users/juns/code/personal/notion/pknu_workspace/bigdata/PICU/cointicker/backend/models/__init__.py:20: MovedIn20Warning: The ``declarative_base()`` function is now available as sqlalchemy.orm.declarative_base(). (deprecated since: 2.0) (Background on SQLAlchemy 2.0 at: https://sqlalche.me/e/b8d9)
  Base = declarative_base()
ok
test_raw_news_model (test_backend.TestModels.test_raw_news_model)
RawNews ëª¨ë¸ í…ŒìŠ¤íŠ¸ ... ok
test_sentiment_analyzer_mock (test_backend.TestServices.test_sentiment_analyzer_mock)
ê°ì„± ë¶„ì„ê¸° Mock í…ŒìŠ¤íŠ¸ ... ok
test_technical_indicators (test_backend.TestServices.test_technical_indicators)
ê¸°ìˆ ì  ì§€í‘œ ê³„ì‚° í…ŒìŠ¤íŠ¸ ... ok
test_database_models (test_integration.TestBackendIntegration.test_database_models)
ë°ì´í„°ë² ì´ìŠ¤ ëª¨ë¸ í†µí•© í…ŒìŠ¤íŠ¸ ... ok
test_item_to_json (test_integration.TestDataPipeline.test_item_to_json)
Item â†’ JSON ë³€í™˜ í…ŒìŠ¤íŠ¸ ... /Users/juns/code/personal/notion/pknu_workspace/bigdata/scrapy_env/lib/python3.14/site-packages/itemadapter/_imports.py:45: UserWarning: Core Pydantic V1 functionality isn't compatible with Python 3.14 or greater.
  import pydantic.v1 as pydantic_v1
ok
test_spider_to_item (test_integration.TestDataPipeline.test_spider_to_item)
Spider â†’ Item íŒŒì´í”„ë¼ì¸ í…ŒìŠ¤íŠ¸ ... ok
test_mapper_invalid_data (test_mapreduce.TestMapper.test_mapper_invalid_data)
ë¬´íš¨í•œ ë°ì´í„° í•„í„°ë§ í…ŒìŠ¤íŠ¸ ... ok
test_mapper_processing (test_mapreduce.TestMapper.test_mapper_processing)
Mapper ë°ì´í„° ì²˜ë¦¬ í…ŒìŠ¤íŠ¸ ... ok
test_remove_duplicates (test_mapreduce.TestReducer.test_remove_duplicates)
ì¤‘ë³µ ì œê±° í…ŒìŠ¤íŠ¸ ... ok
test_spider_name (test_spiders.TestCoinnessSpider.test_spider_name)
Spider ì´ë¦„ í™•ì¸ ... ok
test_allowed_domains (test_spiders.TestUpbitTrendsSpider.test_allowed_domains)
í—ˆìš©ëœ ë„ë©”ì¸ í™•ì¸ ... ok
test_create_trend_item (test_spiders.TestUpbitTrendsSpider.test_create_trend_item)
íŠ¸ë Œë“œ ì•„ì´í…œ ìƒì„± í…ŒìŠ¤íŠ¸ ... ok
test_spider_name (test_spiders.TestUpbitTrendsSpider.test_spider_name)
Spider ì´ë¦„ í™•ì¸ ... ok
test_clean_text (test_utils.TestUtils.test_clean_text)
í…ìŠ¤íŠ¸ ì •ì œ í…ŒìŠ¤íŠ¸ ... ok
test_generate_hash (test_utils.TestUtils.test_generate_hash)
í•´ì‹œ ìƒì„± í…ŒìŠ¤íŠ¸ ... ok
test_get_timestamp (test_utils.TestUtils.test_get_timestamp)
íƒ€ì„ìŠ¤íƒ¬í”„ ìƒì„± í…ŒìŠ¤íŠ¸ ... ok
test_validate_json (test_utils.TestUtils.test_validate_json)
JSON ìœ íš¨ì„± ê²€ì‚¬ í…ŒìŠ¤íŠ¸ ... ok

----------------------------------------------------------------------
Ran 18 tests in 4.832s

OK
[0;32m[SUCCESS][0m Unit í…ŒìŠ¤íŠ¸ í†µê³¼
[0;34m[INFO][0m Backend API ìƒíƒœ í™•ì¸ ì¤‘...
[0;32m[SUCCESS][0m Backend ì„œë²„ ì‹¤í–‰ ì¤‘ (í¬íŠ¸: 5001)
[0;34m[INFO][0m Frontend ì„œë²„ ìƒíƒœ í™•ì¸ ì¤‘...
[1;33m[WARNING][0m Frontend ì„œë²„ê°€ ì‹¤í–‰ ì¤‘ì´ ì•„ë‹™ë‹ˆë‹¤ (í¬íŠ¸: 3000)
[0;34m[INFO][0m Kafka ë¸Œë¡œì»¤ ìƒíƒœ í™•ì¸ ì¤‘...
[1;33m[WARNING][0m Kafka ëª…ë ¹ì–´ë¥¼ ì°¾ì„ ìˆ˜ ì—†ìŠµë‹ˆë‹¤
[0;34m[INFO][0m HDFS ìƒíƒœ í™•ì¸ ì¤‘...
[1;33m[WARNING][0m HDFS ëª…ë ¹ì–´ë¥¼ ì°¾ì„ ìˆ˜ ì—†ìŠµë‹ˆë‹¤
[0;34m[INFO][0m Spider ì‹¤í–‰ í…ŒìŠ¤íŠ¸ ì¤‘...
[0;32m[SUCCESS][0m Spider í”„ë¡œì íŠ¸ í™•ì¸ ì™„ë£Œ
[0;34m[INFO][0m Python ë²„ì „ í™•ì¸ ì¤‘...
[0;32m[SUCCESS][0m Python ë²„ì „ í™•ì¸: Python 3.14.0
[0;34m[INFO][0m ê°€ìƒí™˜ê²½ ì„¤ì • ì¤‘...
[0;34m[INFO][0m PICU ë£¨íŠ¸: /Users/juns/code/personal/notion/pknu_workspace/bigdata/PICU
[0;34m[INFO][0m PROJECT_ROOT: /Users/juns/code/personal/notion/pknu_workspace/bigdata/PICU/cointicker
[0;34m[INFO][0m í˜„ì¬ VIRTUAL_ENV: /Users/juns/code/personal/notion/pknu_workspace/bigdata/scrapy_env
[0;34m[INFO][0m ì´ë¯¸ ê°€ìƒí™˜ê²½ì´ í™œì„±í™”ë˜ì–´ ìˆìŠµë‹ˆë‹¤: /Users/juns/code/personal/notion/pknu_workspace/bigdata/scrapy_env
[0;32m[SUCCESS][0m ê°€ìƒí™˜ê²½ í™œì„±í™” ì™„ë£Œ: /Users/juns/code/personal/notion/pknu_workspace/bigdata/scrapy_env
[0;34m[INFO][0m pip ì—…ê·¸ë ˆì´ë“œ ì¤‘...
[0;32m[SUCCESS][0m pip ì—…ê·¸ë ˆì´ë“œ ì™„ë£Œ
[0;34m[INFO][0m ì˜ì¡´ì„± ì„¤ì¹˜ ì¤‘...
[0;34m[INFO][0m requirements.txt ì‚¬ìš©: /Users/juns/code/personal/notion/pknu_workspace/bigdata/PICU/requirements.txt
[0;32m[SUCCESS][0m ì˜ì¡´ì„± ì„¤ì¹˜ ì™„ë£Œ
[0;34m[INFO][0m Python ë¬¸ë²• ê²€ì‚¬ ì¤‘...
[0;32m[SUCCESS][0m ëª¨ë“  Python íŒŒì¼ ë¬¸ë²• ì •ìƒ (°œ)
[0;34m[INFO][0m ëª¨ë“ˆ Import í…ŒìŠ¤íŠ¸ ì¤‘...
[0;32m[SUCCESS][0m shared.utils
[0;32m[SUCCESS][0m backend.models
[0;32m[SUCCESS][0m cointicker.spiders
[0;32m[SUCCESS][0m cointicker.items
[0;32m[SUCCESS][0m backend.api
[0;32m[SUCCESS][0m backend.services
[0;32m[SUCCESS][0m mapreduce
[0;34m[INFO][0m Spider êµ¬ì¡° í…ŒìŠ¤íŠ¸ ì¤‘...
[0;32m[SUCCESS][0m Spider: upbit_trends
[0;32m[SUCCESS][0m Spider: coinness
[0;32m[SUCCESS][0m Spider: saveticker
[0;32m[SUCCESS][0m Spider: perplexity
[0;32m[SUCCESS][0m Spider: cnn_fear_greed
[0;34m[INFO][0m Unit í…ŒìŠ¤íŠ¸ ì‹¤í–‰ ì¤‘...
test_market_trends_model (test_backend.TestModels.test_market_trends_model)
MarketTrends ëª¨ë¸ í…ŒìŠ¤íŠ¸ ... /Users/juns/code/personal/notion/pknu_workspace/bigdata/PICU/cointicker/backend/models/__init__.py:20: MovedIn20Warning: The ``declarative_base()`` function is now available as sqlalchemy.orm.declarative_base(). (deprecated since: 2.0) (Background on SQLAlchemy 2.0 at: https://sqlalche.me/e/b8d9)
  Base = declarative_base()
ok
test_raw_news_model (test_backend.TestModels.test_raw_news_model)
RawNews ëª¨ë¸ í…ŒìŠ¤íŠ¸ ... ok
test_sentiment_analyzer_mock (test_backend.TestServices.test_sentiment_analyzer_mock)
ê°ì„± ë¶„ì„ê¸° Mock í…ŒìŠ¤íŠ¸ ... ok
test_technical_indicators (test_backend.TestServices.test_technical_indicators)
ê¸°ìˆ ì  ì§€í‘œ ê³„ì‚° í…ŒìŠ¤íŠ¸ ... ok
test_database_models (test_integration.TestBackendIntegration.test_database_models)
ë°ì´í„°ë² ì´ìŠ¤ ëª¨ë¸ í†µí•© í…ŒìŠ¤íŠ¸ ... ok
test_item_to_json (test_integration.TestDataPipeline.test_item_to_json)
Item â†’ JSON ë³€í™˜ í…ŒìŠ¤íŠ¸ ... /Users/juns/code/personal/notion/pknu_workspace/bigdata/scrapy_env/lib/python3.14/site-packages/itemadapter/_imports.py:45: UserWarning: Core Pydantic V1 functionality isn't compatible with Python 3.14 or greater.
  import pydantic.v1 as pydantic_v1
ok
test_spider_to_item (test_integration.TestDataPipeline.test_spider_to_item)
Spider â†’ Item íŒŒì´í”„ë¼ì¸ í…ŒìŠ¤íŠ¸ ... ok
test_mapper_invalid_data (test_mapreduce.TestMapper.test_mapper_invalid_data)
ë¬´íš¨í•œ ë°ì´í„° í•„í„°ë§ í…ŒìŠ¤íŠ¸ ... ok
test_mapper_processing (test_mapreduce.TestMapper.test_mapper_processing)
Mapper ë°ì´í„° ì²˜ë¦¬ í…ŒìŠ¤íŠ¸ ... ok
test_remove_duplicates (test_mapreduce.TestReducer.test_remove_duplicates)
ì¤‘ë³µ ì œê±° í…ŒìŠ¤íŠ¸ ... ok
test_spider_name (test_spiders.TestCoinnessSpider.test_spider_name)
Spider ì´ë¦„ í™•ì¸ ... ok
test_allowed_domains (test_spiders.TestUpbitTrendsSpider.test_allowed_domains)
í—ˆìš©ëœ ë„ë©”ì¸ í™•ì¸ ... ok
test_create_trend_item (test_spiders.TestUpbitTrendsSpider.test_create_trend_item)
íŠ¸ë Œë“œ ì•„ì´í…œ ìƒì„± í…ŒìŠ¤íŠ¸ ... ok
test_spider_name (test_spiders.TestUpbitTrendsSpider.test_spider_name)
Spider ì´ë¦„ í™•ì¸ ... ok
test_clean_text (test_utils.TestUtils.test_clean_text)
í…ìŠ¤íŠ¸ ì •ì œ í…ŒìŠ¤íŠ¸ ... ok
test_generate_hash (test_utils.TestUtils.test_generate_hash)
í•´ì‹œ ìƒì„± í…ŒìŠ¤íŠ¸ ... ok
test_get_timestamp (test_utils.TestUtils.test_get_timestamp)
íƒ€ì„ìŠ¤íƒ¬í”„ ìƒì„± í…ŒìŠ¤íŠ¸ ... ok
test_validate_json (test_utils.TestUtils.test_validate_json)
JSON ìœ íš¨ì„± ê²€ì‚¬ í…ŒìŠ¤íŠ¸ ... ok

----------------------------------------------------------------------
Ran 18 tests in 4.946s

OK
[0;32m[SUCCESS][0m Unit í…ŒìŠ¤íŠ¸ í†µê³¼
[0;34m[INFO][0m Backend API ìƒíƒœ í™•ì¸ ì¤‘...
[0;32m[SUCCESS][0m Backend ì„œë²„ ì‹¤í–‰ ì¤‘ (í¬íŠ¸: 5001)
[0;34m[INFO][0m Frontend ì„œë²„ ìƒíƒœ í™•ì¸ ì¤‘...
[0;34m[INFO][0m Frontend ì„œë²„ ì‹œì‘ ì¤‘...
[0;34m[INFO][0m Frontend ì„œë²„ ì‹œì‘ë¨ (PID: 29151)
[0;31m[ERROR][0m Frontend ì„œë²„ ì‹œì‘ ì‹¤íŒ¨ ë˜ëŠ” íƒ€ì„ì•„ì›ƒ
[0;34m[INFO][0m Kafka ë¸Œë¡œì»¤ ìƒíƒœ í™•ì¸ ì¤‘...
[0;34m[INFO][0m Kafka Consumer ì‹œì‘ ì¤‘...
[0;34m[INFO][0m Kafka Consumer ì‹œì‘ë¨ (PID: 29863)
[0;32m[SUCCESS][0m Kafka Consumer ì‹¤í–‰ ì¤‘ (PID: 29863)
[0;34m[INFO][0m HDFS ìƒíƒœ í™•ì¸ ì¤‘...
[0;34m[INFO][0m MapReduce ì‘ì—… ì‹œì‘ ì¤‘...
[0;34m[INFO][0m MapReduce ìŠ¤í¬ë¦½íŠ¸ í™•ì¸: /Users/juns/code/personal/notion/pknu_workspace/bigdata/PICU/cointicker/worker-nodes/mapreduce/run_cleaner.sh
[0;32m[SUCCESS][0m MapReduce ìŠ¤í¬ë¦½íŠ¸ ìœ íš¨ì„± í™•ì¸ ì™„ë£Œ
[0;34m[INFO][0m Spider ì‹¤í–‰ í…ŒìŠ¤íŠ¸ ì¤‘...
[0;34m[INFO][0m Spider ì‹¤í–‰ ì¤‘ (upbit_trends)...
[0;31m[ERROR][0m Spider ì‹¤í–‰ ì™„ë£Œí–ˆìœ¼ë‚˜ ì•„ì´í…œì´ ìˆ˜ì§‘ë˜ì§€ ì•Šì•˜ìŠµë‹ˆë‹¤
[0;34m[INFO][0m Python ë²„ì „ í™•ì¸ ì¤‘...
[0;32m[SUCCESS][0m Python ë²„ì „ í™•ì¸: Python 3.14.0
[0;34m[INFO][0m ê°€ìƒí™˜ê²½ ì„¤ì • ì¤‘...
[0;34m[INFO][0m PICU ë£¨íŠ¸: /Users/juns/code/personal/notion/pknu_workspace/bigdata/PICU
[0;34m[INFO][0m PROJECT_ROOT: /Users/juns/code/personal/notion/pknu_workspace/bigdata/PICU/cointicker
[0;34m[INFO][0m í˜„ì¬ VIRTUAL_ENV: ì—†ìŒ
[0;34m[INFO][0m PICU ë£¨íŠ¸ ê°€ìƒí™˜ê²½ ë°œê²¬: /Users/juns/code/personal/notion/pknu_workspace/bigdata/PICU/venv
[0;34m[INFO][0m PICU ë£¨íŠ¸ ê°€ìƒí™˜ê²½ í™œì„±í™” ì„±ê³µ
[0;32m[SUCCESS][0m ê°€ìƒí™˜ê²½ í™œì„±í™” ì™„ë£Œ: /Users/juns/code/personal/notion/pknu_workspace/bigdata/PICU/venv
[0;34m[INFO][0m pip ì—…ê·¸ë ˆì´ë“œ ì¤‘...
[0;32m[SUCCESS][0m pip ì—…ê·¸ë ˆì´ë“œ ì™„ë£Œ
[0;34m[INFO][0m ì˜ì¡´ì„± ì„¤ì¹˜ ì¤‘...
[0;34m[INFO][0m requirements.txt ì‚¬ìš©: /Users/juns/code/personal/notion/pknu_workspace/bigdata/PICU/requirements.txt
[0;32m[SUCCESS][0m ì˜ì¡´ì„± ì„¤ì¹˜ ì™„ë£Œ
[0;34m[INFO][0m Python ë¬¸ë²• ê²€ì‚¬ ì¤‘...
[0;32m[SUCCESS][0m ëª¨ë“  Python íŒŒì¼ ë¬¸ë²• ì •ìƒ (95ê°œ)
[0;34m[INFO][0m ëª¨ë“ˆ Import í…ŒìŠ¤íŠ¸ ì¤‘...
[0;32m[SUCCESS][0m shared.utils
[0;32m[SUCCESS][0m backend.models
[0;32m[SUCCESS][0m cointicker.spiders
[0;32m[SUCCESS][0m cointicker.items
[0;32m[SUCCESS][0m backend.api
[0;32m[SUCCESS][0m backend.services
[0;32m[SUCCESS][0m mapreduce
[0;34m[INFO][0m Spider êµ¬ì¡° í…ŒìŠ¤íŠ¸ ì¤‘...
[0;32m[SUCCESS][0m Spider: upbit_trends
[0;32m[SUCCESS][0m Spider: coinness
[0;32m[SUCCESS][0m Spider: saveticker
[0;32m[SUCCESS][0m Spider: perplexity
[0;32m[SUCCESS][0m Spider: cnn_fear_greed
[0;34m[INFO][0m Unit í…ŒìŠ¤íŠ¸ ì‹¤í–‰ ì¤‘...
test_market_trends_model (test_backend.TestModels.test_market_trends_model)
MarketTrends ëª¨ë¸ í…ŒìŠ¤íŠ¸ ... /Users/juns/code/personal/notion/pknu_workspace/bigdata/PICU/cointicker/backend/models/__init__.py:20: MovedIn20Warning: The ``declarative_base()`` function is now available as sqlalchemy.orm.declarative_base(). (deprecated since: 2.0) (Background on SQLAlchemy 2.0 at: https://sqlalche.me/e/b8d9)
  Base = declarative_base()
ok
test_raw_news_model (test_backend.TestModels.test_raw_news_model)
RawNews ëª¨ë¸ í…ŒìŠ¤íŠ¸ ... ok
test_sentiment_analyzer_mock (test_backend.TestServices.test_sentiment_analyzer_mock)
ê°ì„± ë¶„ì„ê¸° Mock í…ŒìŠ¤íŠ¸ ... ok
test_technical_indicators (test_backend.TestServices.test_technical_indicators)
ê¸°ìˆ ì  ì§€í‘œ ê³„ì‚° í…ŒìŠ¤íŠ¸ ... ok
test_database_models (test_integration.TestBackendIntegration.test_database_models)
ë°ì´í„°ë² ì´ìŠ¤ ëª¨ë¸ í†µí•© í…ŒìŠ¤íŠ¸ ... ok
test_item_to_json (test_integration.TestDataPipeline.test_item_to_json)
Item â†’ JSON ë³€í™˜ í…ŒìŠ¤íŠ¸ ... /Users/juns/code/personal/notion/pknu_workspace/bigdata/PICU/venv/lib/python3.14/site-packages/itemadapter/_imports.py:45: UserWarning: Core Pydantic V1 functionality isn't compatible with Python 3.14 or greater.
  import pydantic.v1 as pydantic_v1
ok
test_spider_to_item (test_integration.TestDataPipeline.test_spider_to_item)
Spider â†’ Item íŒŒì´í”„ë¼ì¸ í…ŒìŠ¤íŠ¸ ... ok
test_mapper_invalid_data (test_mapreduce.TestMapper.test_mapper_invalid_data)
ë¬´íš¨í•œ ë°ì´í„° í•„í„°ë§ í…ŒìŠ¤íŠ¸ ... ok
test_mapper_processing (test_mapreduce.TestMapper.test_mapper_processing)
Mapper ë°ì´í„° ì²˜ë¦¬ í…ŒìŠ¤íŠ¸ ... ok
test_remove_duplicates (test_mapreduce.TestReducer.test_remove_duplicates)
ì¤‘ë³µ ì œê±° í…ŒìŠ¤íŠ¸ ... ok
test_spider_name (test_spiders.TestCoinnessSpider.test_spider_name)
Spider ì´ë¦„ í™•ì¸ ... ok
test_allowed_domains (test_spiders.TestUpbitTrendsSpider.test_allowed_domains)
í—ˆìš©ëœ ë„ë©”ì¸ í™•ì¸ ... ok
test_create_trend_item (test_spiders.TestUpbitTrendsSpider.test_create_trend_item)
íŠ¸ë Œë“œ ì•„ì´í…œ ìƒì„± í…ŒìŠ¤íŠ¸ ... ok
test_spider_name (test_spiders.TestUpbitTrendsSpider.test_spider_name)
Spider ì´ë¦„ í™•ì¸ ... ok
test_clean_text (test_utils.TestUtils.test_clean_text)
í…ìŠ¤íŠ¸ ì •ì œ í…ŒìŠ¤íŠ¸ ... ok
test_generate_hash (test_utils.TestUtils.test_generate_hash)
í•´ì‹œ ìƒì„± í…ŒìŠ¤íŠ¸ ... ok
test_get_timestamp (test_utils.TestUtils.test_get_timestamp)
íƒ€ì„ìŠ¤íƒ¬í”„ ìƒì„± í…ŒìŠ¤íŠ¸ ... ok
test_validate_json (test_utils.TestUtils.test_validate_json)
JSON ìœ íš¨ì„± ê²€ì‚¬ í…ŒìŠ¤íŠ¸ ... ok

----------------------------------------------------------------------
Ran 18 tests in 5.242s

OK
[0;32m[SUCCESS][0m Unit í…ŒìŠ¤íŠ¸ í†µê³¼
[0;34m[INFO][0m Backend API ìƒíƒœ í™•ì¸ ì¤‘...
[0;32m[SUCCESS][0m Backend ì„œë²„ ì‹¤í–‰ ì¤‘ (í¬íŠ¸: 5001)
[0;34m[INFO][0m Frontend ì„œë²„ ìƒíƒœ í™•ì¸ ì¤‘...
[0;34m[INFO][0m Frontend ì„œë²„ ì‹œì‘ ì¤‘...
[0;34m[INFO][0m Frontend ì„œë²„ ì‹œì‘ë¨ (PID: 45043)
[0;31m[ERROR][0m Frontend ì„œë²„ ì‹œì‘ ì‹¤íŒ¨ ë˜ëŠ” íƒ€ì„ì•„ì›ƒ
[0;34m[INFO][0m Kafka ë¸Œë¡œì»¤ ìƒíƒœ í™•ì¸ ì¤‘...
[0;34m[INFO][0m Kafka Consumer ì‹œì‘ ì¤‘...
[0;34m[INFO][0m Kafka Consumer ì‹œì‘ë¨ (PID: 45860)
[0;32m[SUCCESS][0m Kafka Consumer ì‹¤í–‰ ì¤‘ (PID: 45860)
[0;34m[INFO][0m HDFS ìƒíƒœ í™•ì¸ ì¤‘...
[0;34m[INFO][0m MapReduce ì‘ì—… ì‹œì‘ ì¤‘...
[0;34m[INFO][0m MapReduce ìŠ¤í¬ë¦½íŠ¸ í™•ì¸: /Users/juns/code/personal/notion/pknu_workspace/bigdata/PICU/cointicker/worker-nodes/mapreduce/run_cleaner.sh
[0;32m[SUCCESS][0m MapReduce ìŠ¤í¬ë¦½íŠ¸ ìœ íš¨ì„± í™•ì¸ ì™„ë£Œ
[0;34m[INFO][0m Spider ì‹¤í–‰ í…ŒìŠ¤íŠ¸ ì¤‘...
[0;34m[INFO][0m Spider ì‹¤í–‰ ì¤‘ (upbit_trends)...
[0;31m[ERROR][0m Spider ì‹¤í–‰ ì™„ë£Œí–ˆìœ¼ë‚˜ ì•„ì´í…œì´ ìˆ˜ì§‘ë˜ì§€ ì•Šì•˜ìŠµë‹ˆë‹¤
[0;34m[INFO][0m Python ë²„ì „ í™•ì¸ ì¤‘...
[0;32m[SUCCESS][0m Python ë²„ì „ í™•ì¸: Python 3.14.0
[0;34m[INFO][0m ê°€ìƒí™˜ê²½ ì„¤ì • ì¤‘...
[0;34m[INFO][0m PICU ë£¨íŠ¸: /Users/juns/code/personal/notion/pknu_workspace/bigdata/PICU
[0;34m[INFO][0m PROJECT_ROOT: /Users/juns/code/personal/notion/pknu_workspace/bigdata/PICU/cointicker
[0;34m[INFO][0m í˜„ì¬ VIRTUAL_ENV: ì—†ìŒ
[0;34m[INFO][0m PICU ë£¨íŠ¸ ê°€ìƒí™˜ê²½ ë°œê²¬: /Users/juns/code/personal/notion/pknu_workspace/bigdata/PICU/venv
[0;34m[INFO][0m PICU ë£¨íŠ¸ ê°€ìƒí™˜ê²½ í™œì„±í™” ì„±ê³µ
[0;32m[SUCCESS][0m ê°€ìƒí™˜ê²½ í™œì„±í™” ì™„ë£Œ: /Users/juns/code/personal/notion/pknu_workspace/bigdata/PICU/venv
[0;34m[INFO][0m pip ì—…ê·¸ë ˆì´ë“œ ì¤‘...
[0;32m[SUCCESS][0m pip ì—…ê·¸ë ˆì´ë“œ ì™„ë£Œ
[0;34m[INFO][0m ì˜ì¡´ì„± ì„¤ì¹˜ ì¤‘...
[0;34m[INFO][0m requirements.txt ì‚¬ìš©: /Users/juns/code/personal/notion/pknu_workspace/bigdata/PICU/requirements.txt
[0;32m[SUCCESS][0m ì˜ì¡´ì„± ì„¤ì¹˜ ì™„ë£Œ
[0;34m[INFO][0m Python ë¬¸ë²• ê²€ì‚¬ ì¤‘...
[0;32m[SUCCESS][0m ëª¨ë“  Python íŒŒì¼ ë¬¸ë²• ì •ìƒ (95ê°œ)
[0;34m[INFO][0m ëª¨ë“ˆ Import í…ŒìŠ¤íŠ¸ ì¤‘...
[0;32m[SUCCESS][0m shared.utils
[0;32m[SUCCESS][0m backend.models
[0;32m[SUCCESS][0m cointicker.spiders
[0;32m[SUCCESS][0m cointicker.items
[0;32m[SUCCESS][0m backend.api
[0;32m[SUCCESS][0m backend.services
[0;32m[SUCCESS][0m mapreduce
[0;34m[INFO][0m Spider êµ¬ì¡° í…ŒìŠ¤íŠ¸ ì¤‘...
[0;32m[SUCCESS][0m Spider: upbit_trends
[0;32m[SUCCESS][0m Spider: coinness
[0;32m[SUCCESS][0m Spider: saveticker
[0;32m[SUCCESS][0m Spider: perplexity
[0;32m[SUCCESS][0m Spider: cnn_fear_greed
[0;34m[INFO][0m Unit í…ŒìŠ¤íŠ¸ ì‹¤í–‰ ì¤‘...
test_market_trends_model (test_backend.TestModels.test_market_trends_model)
MarketTrends ëª¨ë¸ í…ŒìŠ¤íŠ¸ ... /Users/juns/code/personal/notion/pknu_workspace/bigdata/PICU/cointicker/backend/models/__init__.py:20: MovedIn20Warning: The ``declarative_base()`` function is now available as sqlalchemy.orm.declarative_base(). (deprecated since: 2.0) (Background on SQLAlchemy 2.0 at: https://sqlalche.me/e/b8d9)
  Base = declarative_base()
ok
test_raw_news_model (test_backend.TestModels.test_raw_news_model)
RawNews ëª¨ë¸ í…ŒìŠ¤íŠ¸ ... ok
test_sentiment_analyzer_mock (test_backend.TestServices.test_sentiment_analyzer_mock)
ê°ì„± ë¶„ì„ê¸° Mock í…ŒìŠ¤íŠ¸ ... ok
test_technical_indicators (test_backend.TestServices.test_technical_indicators)
ê¸°ìˆ ì  ì§€í‘œ ê³„ì‚° í…ŒìŠ¤íŠ¸ ... ok
test_database_models (test_integration.TestBackendIntegration.test_database_models)
ë°ì´í„°ë² ì´ìŠ¤ ëª¨ë¸ í†µí•© í…ŒìŠ¤íŠ¸ ... ok
test_item_to_json (test_integration.TestDataPipeline.test_item_to_json)
Item â†’ JSON ë³€í™˜ í…ŒìŠ¤íŠ¸ ... /Users/juns/code/personal/notion/pknu_workspace/bigdata/PICU/venv/lib/python3.14/site-packages/itemadapter/_imports.py:45: UserWarning: Core Pydantic V1 functionality isn't compatible with Python 3.14 or greater.
  import pydantic.v1 as pydantic_v1
ok
test_spider_to_item (test_integration.TestDataPipeline.test_spider_to_item)
Spider â†’ Item íŒŒì´í”„ë¼ì¸ í…ŒìŠ¤íŠ¸ ... ok
test_mapper_invalid_data (test_mapreduce.TestMapper.test_mapper_invalid_data)
ë¬´íš¨í•œ ë°ì´í„° í•„í„°ë§ í…ŒìŠ¤íŠ¸ ... ok
test_mapper_processing (test_mapreduce.TestMapper.test_mapper_processing)
Mapper ë°ì´í„° ì²˜ë¦¬ í…ŒìŠ¤íŠ¸ ... ok
test_remove_duplicates (test_mapreduce.TestReducer.test_remove_duplicates)
ì¤‘ë³µ ì œê±° í…ŒìŠ¤íŠ¸ ... ok
test_spider_name (test_spiders.TestCoinnessSpider.test_spider_name)
Spider ì´ë¦„ í™•ì¸ ... ok
test_allowed_domains (test_spiders.TestUpbitTrendsSpider.test_allowed_domains)
í—ˆìš©ëœ ë„ë©”ì¸ í™•ì¸ ... ok
test_create_trend_item (test_spiders.TestUpbitTrendsSpider.test_create_trend_item)
íŠ¸ë Œë“œ ì•„ì´í…œ ìƒì„± í…ŒìŠ¤íŠ¸ ... ok
test_spider_name (test_spiders.TestUpbitTrendsSpider.test_spider_name)
Spider ì´ë¦„ í™•ì¸ ... ok
test_clean_text (test_utils.TestUtils.test_clean_text)
í…ìŠ¤íŠ¸ ì •ì œ í…ŒìŠ¤íŠ¸ ... ok
test_generate_hash (test_utils.TestUtils.test_generate_hash)
í•´ì‹œ ìƒì„± í…ŒìŠ¤íŠ¸ ... ok
test_get_timestamp (test_utils.TestUtils.test_get_timestamp)
íƒ€ì„ìŠ¤íƒ¬í”„ ìƒì„± í…ŒìŠ¤íŠ¸ ... ok
test_validate_json (test_utils.TestUtils.test_validate_json)
JSON ìœ íš¨ì„± ê²€ì‚¬ í…ŒìŠ¤íŠ¸ ... ok

----------------------------------------------------------------------
Ran 18 tests in 5.499s

OK
[0;32m[SUCCESS][0m Unit í…ŒìŠ¤íŠ¸ í†µê³¼
[0;34m[INFO][0m Backend API ìƒíƒœ í™•ì¸ ì¤‘...
[0;32m[SUCCESS][0m Backend ì„œë²„ ì‹¤í–‰ ì¤‘ (í¬íŠ¸: 5001)
[0;34m[INFO][0m Frontend ì„œë²„ ìƒíƒœ í™•ì¸ ì¤‘...
[0;34m[INFO][0m Frontend ì„œë²„ ì‹œì‘ ì¤‘...
[0;34m[INFO][0m Frontend ì„œë²„ ì‹œì‘ë¨ (PID: 47212)
[0;31m[ERROR][0m Frontend ì„œë²„ ì‹œì‘ ì‹¤íŒ¨ ë˜ëŠ” íƒ€ì„ì•„ì›ƒ
[0;34m[INFO][0m Kafka ë¸Œë¡œì»¤ ìƒíƒœ í™•ì¸ ì¤‘...
[0;34m[INFO][0m Kafka Consumer ì‹œì‘ ì¤‘...
[0;34m[INFO][0m Kafka Consumer ì‹œì‘ë¨ (PID: 47911)
[0;32m[SUCCESS][0m Kafka Consumer ì‹¤í–‰ ì¤‘ (PID: 47911)
[0;34m[INFO][0m HDFS ìƒíƒœ í™•ì¸ ì¤‘...
[0;34m[INFO][0m MapReduce ì‘ì—… ì‹œì‘ ì¤‘...
[0;34m[INFO][0m MapReduce ìŠ¤í¬ë¦½íŠ¸ í™•ì¸: /Users/juns/code/personal/notion/pknu_workspace/bigdata/PICU/cointicker/worker-nodes/mapreduce/run_cleaner.sh
[0;32m[SUCCESS][0m MapReduce ìŠ¤í¬ë¦½íŠ¸ ìœ íš¨ì„± í™•ì¸ ì™„ë£Œ
[0;34m[INFO][0m Spider ì‹¤í–‰ í…ŒìŠ¤íŠ¸ ì¤‘...
[0;34m[INFO][0m Spider ì‹¤í–‰ ì¤‘ (upbit_trends)...
[0;31m[ERROR][0m Spider ì‹¤í–‰ ì¤‘ ì˜¤ë¥˜ ë°œìƒ (ì•„ì´í…œ: 0, ì—ëŸ¬: 2)
[0;34m[INFO][0m Python ë²„ì „ í™•ì¸ ì¤‘...
[0;32m[SUCCESS][0m Python ë²„ì „ í™•ì¸: Python 3.14.0
[0;34m[INFO][0m ê°€ìƒí™˜ê²½ ì„¤ì • ì¤‘...
[0;34m[INFO][0m PICU ë£¨íŠ¸: /Users/juns/code/personal/notion/pknu_workspace/bigdata/PICU
[0;34m[INFO][0m PROJECT_ROOT: /Users/juns/code/personal/notion/pknu_workspace/bigdata/PICU/cointicker
[0;34m[INFO][0m í˜„ì¬ VIRTUAL_ENV: ì—†ìŒ
[0;34m[INFO][0m PICU ë£¨íŠ¸ ê°€ìƒí™˜ê²½ ë°œê²¬: /Users/juns/code/personal/notion/pknu_workspace/bigdata/PICU/venv
[0;34m[INFO][0m PICU ë£¨íŠ¸ ê°€ìƒí™˜ê²½ í™œì„±í™” ì„±ê³µ
[0;32m[SUCCESS][0m ê°€ìƒí™˜ê²½ í™œì„±í™” ì™„ë£Œ: /Users/juns/code/personal/notion/pknu_workspace/bigdata/PICU/venv
[0;34m[INFO][0m pip ì—…ê·¸ë ˆì´ë“œ ì¤‘...
[0;32m[SUCCESS][0m pip ì—…ê·¸ë ˆì´ë“œ ì™„ë£Œ
[0;34m[INFO][0m ì˜ì¡´ì„± ì„¤ì¹˜ ì¤‘...
[0;34m[INFO][0m requirements.txt ì‚¬ìš©: /Users/juns/code/personal/notion/pknu_workspace/bigdata/PICU/requirements.txt
[0;32m[SUCCESS][0m ì˜ì¡´ì„± ì„¤ì¹˜ ì™„ë£Œ
[0;34m[INFO][0m Python ë¬¸ë²• ê²€ì‚¬ ì¤‘...
[0;32m[SUCCESS][0m ëª¨ë“  Python íŒŒì¼ ë¬¸ë²• ì •ìƒ (95ê°œ)
[0;34m[INFO][0m ëª¨ë“ˆ Import í…ŒìŠ¤íŠ¸ ì¤‘...
[0;32m[SUCCESS][0m shared.utils
[0;32m[SUCCESS][0m backend.models
[0;32m[SUCCESS][0m cointicker.spiders
[0;32m[SUCCESS][0m cointicker.items
[0;32m[SUCCESS][0m backend.api
[0;32m[SUCCESS][0m backend.services
[0;32m[SUCCESS][0m mapreduce
[0;34m[INFO][0m Spider êµ¬ì¡° í…ŒìŠ¤íŠ¸ ì¤‘...
[0;32m[SUCCESS][0m Spider: upbit_trends
[0;32m[SUCCESS][0m Spider: coinness
[0;32m[SUCCESS][0m Spider: saveticker
[0;32m[SUCCESS][0m Spider: perplexity
[0;32m[SUCCESS][0m Spider: cnn_fear_greed
[0;34m[INFO][0m Unit í…ŒìŠ¤íŠ¸ ì‹¤í–‰ ì¤‘...
test_market_trends_model (test_backend.TestModels.test_market_trends_model)
MarketTrends ëª¨ë¸ í…ŒìŠ¤íŠ¸ ... /Users/juns/code/personal/notion/pknu_workspace/bigdata/PICU/cointicker/backend/models/__init__.py:20: MovedIn20Warning: The ``declarative_base()`` function is now available as sqlalchemy.orm.declarative_base(). (deprecated since: 2.0) (Background on SQLAlchemy 2.0 at: https://sqlalche.me/e/b8d9)
  Base = declarative_base()
ok
test_raw_news_model (test_backend.TestModels.test_raw_news_model)
RawNews ëª¨ë¸ í…ŒìŠ¤íŠ¸ ... ok
test_sentiment_analyzer_mock (test_backend.TestServices.test_sentiment_analyzer_mock)
ê°ì„± ë¶„ì„ê¸° Mock í…ŒìŠ¤íŠ¸ ... ok
test_technical_indicators (test_backend.TestServices.test_technical_indicators)
ê¸°ìˆ ì  ì§€í‘œ ê³„ì‚° í…ŒìŠ¤íŠ¸ ... ok
test_database_models (test_integration.TestBackendIntegration.test_database_models)
ë°ì´í„°ë² ì´ìŠ¤ ëª¨ë¸ í†µí•© í…ŒìŠ¤íŠ¸ ... ok
test_item_to_json (test_integration.TestDataPipeline.test_item_to_json)
Item â†’ JSON ë³€í™˜ í…ŒìŠ¤íŠ¸ ... /Users/juns/code/personal/notion/pknu_workspace/bigdata/PICU/venv/lib/python3.14/site-packages/itemadapter/_imports.py:45: UserWarning: Core Pydantic V1 functionality isn't compatible with Python 3.14 or greater.
  import pydantic.v1 as pydantic_v1
ok
test_spider_to_item (test_integration.TestDataPipeline.test_spider_to_item)
Spider â†’ Item íŒŒì´í”„ë¼ì¸ í…ŒìŠ¤íŠ¸ ... ok
test_mapper_invalid_data (test_mapreduce.TestMapper.test_mapper_invalid_data)
ë¬´íš¨í•œ ë°ì´í„° í•„í„°ë§ í…ŒìŠ¤íŠ¸ ... ok
test_mapper_processing (test_mapreduce.TestMapper.test_mapper_processing)
Mapper ë°ì´í„° ì²˜ë¦¬ í…ŒìŠ¤íŠ¸ ... ok
test_remove_duplicates (test_mapreduce.TestReducer.test_remove_duplicates)
ì¤‘ë³µ ì œê±° í…ŒìŠ¤íŠ¸ ... ok
test_spider_name (test_spiders.TestCoinnessSpider.test_spider_name)
Spider ì´ë¦„ í™•ì¸ ... ok
test_allowed_domains (test_spiders.TestUpbitTrendsSpider.test_allowed_domains)
í—ˆìš©ëœ ë„ë©”ì¸ í™•ì¸ ... ok
test_create_trend_item (test_spiders.TestUpbitTrendsSpider.test_create_trend_item)
íŠ¸ë Œë“œ ì•„ì´í…œ ìƒì„± í…ŒìŠ¤íŠ¸ ... ok
test_spider_name (test_spiders.TestUpbitTrendsSpider.test_spider_name)
Spider ì´ë¦„ í™•ì¸ ... ok
test_clean_text (test_utils.TestUtils.test_clean_text)
í…ìŠ¤íŠ¸ ì •ì œ í…ŒìŠ¤íŠ¸ ... ok
test_generate_hash (test_utils.TestUtils.test_generate_hash)
í•´ì‹œ ìƒì„± í…ŒìŠ¤íŠ¸ ... ok
test_get_timestamp (test_utils.TestUtils.test_get_timestamp)
íƒ€ì„ìŠ¤íƒ¬í”„ ìƒì„± í…ŒìŠ¤íŠ¸ ... ok
test_validate_json (test_utils.TestUtils.test_validate_json)
JSON ìœ íš¨ì„± ê²€ì‚¬ í…ŒìŠ¤íŠ¸ ... ok

----------------------------------------------------------------------
Ran 18 tests in 6.737s

OK
[0;32m[SUCCESS][0m Unit í…ŒìŠ¤íŠ¸ í†µê³¼
[0;34m[INFO][0m Backend API ìƒíƒœ í™•ì¸ ì¤‘...
[0;32m[SUCCESS][0m Backend ì„œë²„ ì‹¤í–‰ ì¤‘ (í¬íŠ¸: 5001)
[0;34m[INFO][0m Frontend ì„œë²„ ìƒíƒœ í™•ì¸ ì¤‘...
[0;34m[INFO][0m Frontend ì„œë²„ ì‹œì‘ ì¤‘...
[0;34m[INFO][0m Frontend ì„œë²„ ì‹œì‘ë¨ (PID: 49490)
[0;31m[ERROR][0m Frontend ì„œë²„ ì‹œì‘ ì‹¤íŒ¨ ë˜ëŠ” íƒ€ì„ì•„ì›ƒ
[0;34m[INFO][0m Kafka ë¸Œë¡œì»¤ ìƒíƒœ í™•ì¸ ì¤‘...
[0;34m[INFO][0m Kafka Consumer ì‹œì‘ ì¤‘...
[0;34m[INFO][0m Kafka Consumer ì‹œì‘ë¨ (PID: 50307)
[0;32m[SUCCESS][0m Kafka Consumer ì‹¤í–‰ ì¤‘ (PID: 50307)
[0;34m[INFO][0m HDFS ìƒíƒœ í™•ì¸ ì¤‘...
[0;34m[INFO][0m MapReduce ì‘ì—… ì‹œì‘ ì¤‘...
[0;34m[INFO][0m MapReduce ìŠ¤í¬ë¦½íŠ¸ í™•ì¸: /Users/juns/code/personal/notion/pknu_workspace/bigdata/PICU/cointicker/worker-nodes/mapreduce/run_cleaner.sh
[0;32m[SUCCESS][0m MapReduce ìŠ¤í¬ë¦½íŠ¸ ìœ íš¨ì„± í™•ì¸ ì™„ë£Œ
[0;34m[INFO][0m Spider ì‹¤í–‰ í…ŒìŠ¤íŠ¸ ì¤‘...
[0;34m[INFO][0m Spider ì‹¤í–‰ ì¤‘ (upbit_trends)...
[0;31m[ERROR][0m Spider ì‹¤í–‰ ì¤‘ ì˜¤ë¥˜ ë°œìƒ (ì•„ì´í…œ: 0, ì—ëŸ¬: 2)
